#-----------------------------------------------------------
# Vivado v2022.2 (64-bit)
# SW Build 3671981 on Fri Oct 14 05:00:03 MDT 2022
# IP Build 3669848 on Fri Oct 14 08:30:02 MDT 2022
# Start of session at: Tue Apr 18 15:33:04 2023
# Process ID: 21364
# Current directory: D:/Desktop/Asynchronous_click_sram
# Command line: vivado.exe -gui_launcher_event rodinguilauncherevent23964 D:\Desktop\Asynchronous_click_sram\Asynchronous_click_sram.xpr
# Log file: D:/Desktop/Asynchronous_click_sram/vivado.log
# Journal file: D:/Desktop/Asynchronous_click_sram\vivado.jou
# Running On: DESKTOP-FELKDMR, OS: Windows, CPU Frequency: 2904 MHz, CPU Physical cores: 6, Host memory: 16914 MB
#-----------------------------------------------------------
start_gui
open_project D:/Desktop/Asynchronous_click_sram/Asynchronous_click_sram.xpr
WARNING: [Board 49-26] cannot add Board Part xilinx.com:kc705:part0:1.6 available at D:/Software/Vivado2022/Vivado/2022.2/data/xhub/boards/XilinxBoardStore/boards/Xilinx/kc705/1.6/board.xml as part xc7k325tffg900-2 specified in board_part file is either invalid or not available
WARNING: [Board 49-26] cannot add Board Part xilinx.com:kcu105:part0:1.6 available at D:/Software/Vivado2022/Vivado/2022.2/data/xhub/boards/XilinxBoardStore/boards/Xilinx/kcu105/1.6/board.xml as part xcku040-ffva1156-2-e specified in board_part file is either invalid or not available
WARNING: [Board 49-26] cannot add Board Part xilinx.com:kcu105:part0:1.7 available at D:/Software/Vivado2022/Vivado/2022.2/data/xhub/boards/XilinxBoardStore/boards/Xilinx/kcu105/1.7/board.xml as part xcku040-ffva1156-2-e specified in board_part file is either invalid or not available
WARNING: [Board 49-26] cannot add Board Part xilinx.com:kcu1500:part0:1.2 available at D:/Software/Vivado2022/Vivado/2022.2/data/xhub/boards/XilinxBoardStore/boards/Xilinx/kcu1500/1.2/board.xml as part xcku115-flvb2104-2-e specified in board_part file is either invalid or not available
WARNING: [Board 49-26] cannot add Board Part xilinx.com:vc707:part0:1.4 available at D:/Software/Vivado2022/Vivado/2022.2/data/xhub/boards/XilinxBoardStore/boards/Xilinx/vc707/1.4/board.xml as part xc7vx485tffg1761-2 specified in board_part file is either invalid or not available
WARNING: [Board 49-26] cannot add Board Part xilinx.com:vc709:part0:1.8 available at D:/Software/Vivado2022/Vivado/2022.2/data/xhub/boards/XilinxBoardStore/boards/Xilinx/vc709/1.8/board.xml as part xc7vx690tffg1761-2 specified in board_part file is either invalid or not available
WARNING: [Board 49-26] cannot add Board Part xilinx.com:vck190:part0:2.2 available at D:/Software/Vivado2022/Vivado/2022.2/data/xhub/boards/XilinxBoardStore/boards/Xilinx/vck190/production/2.2/board.xml as part xcvc1902-vsva2197-2mp-e-s specified in board_part file is either invalid or not available
WARNING: [Board 49-26] cannot add Board Part xilinx.com:vck190:part0:3.0 available at D:/Software/Vivado2022/Vivado/2022.2/data/xhub/boards/XilinxBoardStore/boards/Xilinx/vck190/production/3.0/board.xml as part xcvc1902-vsva2197-2mp-e-s specified in board_part file is either invalid or not available
WARNING: [Board 49-26] cannot add Board Part xilinx.com:vck190:part0:3.1 available at D:/Software/Vivado2022/Vivado/2022.2/data/xhub/boards/XilinxBoardStore/boards/Xilinx/vck190/production/3.1/board.xml as part xcvc1902-vsva2197-2mp-e-s specified in board_part file is either invalid or not available
WARNING: [Board 49-26] cannot add Board Part xilinx.com:vck190_newl:part0:1.0 available at D:/Software/Vivado2022/Vivado/2022.2/data/xhub/boards/XilinxBoardStore/boards/Xilinx/vck190_newl/production/1.0/board.xml as part xcvc1902-vsva2197-2mp-e-s specified in board_part file is either invalid or not available
WARNING: [Board 49-26] cannot add Board Part xilinx.com:vcu108:part0:1.6 available at D:/Software/Vivado2022/Vivado/2022.2/data/xhub/boards/XilinxBoardStore/boards/Xilinx/vcu108/1.6/board.xml as part xcvu095-ffva2104-2-e specified in board_part file is either invalid or not available
WARNING: [Board 49-26] cannot add Board Part xilinx.com:vcu108:part0:1.7 available at D:/Software/Vivado2022/Vivado/2022.2/data/xhub/boards/XilinxBoardStore/boards/Xilinx/vcu108/1.7/board.xml as part xcvu095-ffva2104-2-e specified in board_part file is either invalid or not available
WARNING: [Board 49-26] cannot add Board Part xilinx.com:vcu110:part0:1.4 available at D:/Software/Vivado2022/Vivado/2022.2/data/xhub/boards/XilinxBoardStore/boards/Xilinx/vcu110/1.4/board.xml as part xcvu190-flgc2104-2-e specified in board_part file is either invalid or not available
WARNING: [Board 49-26] cannot add Board Part xilinx.com:vcu118:part0:2.0 available at D:/Software/Vivado2022/Vivado/2022.2/data/xhub/boards/XilinxBoardStore/boards/Xilinx/vcu118/2.0/board.xml as part xcvu9p-flga2104-2l-e specified in board_part file is either invalid or not available
WARNING: [Board 49-26] cannot add Board Part xilinx.com:vcu118:part0:2.3 available at D:/Software/Vivado2022/Vivado/2022.2/data/xhub/boards/XilinxBoardStore/boards/Xilinx/vcu118/2.3/board.xml as part xcvu9p-flga2104-2l-e specified in board_part file is either invalid or not available
WARNING: [Board 49-26] cannot add Board Part xilinx.com:vcu118:part0:2.4 available at D:/Software/Vivado2022/Vivado/2022.2/data/xhub/boards/XilinxBoardStore/boards/Xilinx/vcu118/2.4/board.xml as part xcvu9p-flga2104-2l-e specified in board_part file is either invalid or not available
WARNING: [Board 49-26] cannot add Board Part xilinx.com:vcu128:part0:1.0 available at D:/Software/Vivado2022/Vivado/2022.2/data/xhub/boards/XilinxBoardStore/boards/Xilinx/vcu128/production/1.0/board.xml as part xcvu37p-fsvh2892-2l-e specified in board_part file is either invalid or not available
WARNING: [Board 49-26] cannot add Board Part xilinx.com:vcu129:part0:1.0 available at D:/Software/Vivado2022/Vivado/2022.2/data/xhub/boards/XilinxBoardStore/boards/Xilinx/vcu129/production/1.0/board.xml as part xcvu29p-fsga2577-2l-e specified in board_part file is either invalid or not available
WARNING: [Board 49-26] cannot add Board Part xilinx.com:vcu1525:part0:1.3 available at D:/Software/Vivado2022/Vivado/2022.2/data/xhub/boards/XilinxBoardStore/boards/Xilinx/vcu1525/1.3/board.xml as part xcvu9p-fsgd2104-2l-e specified in board_part file is either invalid or not available
WARNING: [Board 49-26] cannot add Board Part xilinx.com:vek280_es:part0:1.0 available at D:/Software/Vivado2022/Vivado/2022.2/data/xhub/boards/XilinxBoardStore/boards/Xilinx/vek280/es/1.0/board.xml as part xcve2802-vsvh1760-2lp-e-s-es1 specified in board_part file is either invalid or not available
WARNING: [Board 49-26] cannot add Board Part xilinx.com:vermeo_t1_mpsoc:part0:1.0 available at D:/Software/Vivado2022/Vivado/2022.2/data/xhub/boards/XilinxBoardStore/boards/Xilinx/vermeo_t1_mpsoc/1.0/board.xml as part xczu19eg-ffvd1760-2l-e specified in board_part file is either invalid or not available
WARNING: [Board 49-26] cannot add Board Part xilinx.com:vermeo_t1_rfsoc:part0:1.0 available at D:/Software/Vivado2022/Vivado/2022.2/data/xhub/boards/XilinxBoardStore/boards/Xilinx/vermeo_t1_rfsoc/1.0/board.xml as part xczu21dr-ffvd1156-2l-e specified in board_part file is either invalid or not available
WARNING: [Board 49-26] cannot add Board Part xilinx.com:vhk158_es:part0:1.0 available at D:/Software/Vivado2022/Vivado/2022.2/data/xhub/boards/XilinxBoardStore/boards/Xilinx/vhk158/es/1.0/board.xml as part xcvh1582-vsva3697-2mp-e-s-es1 specified in board_part file is either invalid or not available
WARNING: [Board 49-26] cannot add Board Part xilinx.com:vmk180:part0:2.2 available at D:/Software/Vivado2022/Vivado/2022.2/data/xhub/boards/XilinxBoardStore/boards/Xilinx/vmk180/production/2.2/board.xml as part xcvm1802-vsva2197-2mp-e-s specified in board_part file is either invalid or not available
WARNING: [Board 49-26] cannot add Board Part xilinx.com:vmk180:part0:3.0 available at D:/Software/Vivado2022/Vivado/2022.2/data/xhub/boards/XilinxBoardStore/boards/Xilinx/vmk180/production/3.0/board.xml as part xcvm1802-vsva2197-2mp-e-s specified in board_part file is either invalid or not available
WARNING: [Board 49-26] cannot add Board Part xilinx.com:vmk180:part0:3.1 available at D:/Software/Vivado2022/Vivado/2022.2/data/xhub/boards/XilinxBoardStore/boards/Xilinx/vmk180/production/3.1/board.xml as part xcvm1802-vsva2197-2mp-e-s specified in board_part file is either invalid or not available
WARNING: [Board 49-26] cannot add Board Part xilinx.com:vmk180_newl:part0:1.0 available at D:/Software/Vivado2022/Vivado/2022.2/data/xhub/boards/XilinxBoardStore/boards/Xilinx/vmk180_newl/production/1.0/board.xml as part xcvm1802-vsva2197-2mp-e-s specified in board_part file is either invalid or not available
WARNING: [Board 49-26] cannot add Board Part xilinx.com:vpk120:part0:1.0 available at D:/Software/Vivado2022/Vivado/2022.2/data/xhub/boards/XilinxBoardStore/boards/Xilinx/vpk120/production/1.0/board.xml as part xcvp1202-vsva2785-2mp-e-s specified in board_part file is either invalid or not available
WARNING: [Board 49-26] cannot add Board Part xilinx.com:vpk120_es:part0:1.2 available at D:/Software/Vivado2022/Vivado/2022.2/data/xhub/boards/XilinxBoardStore/boards/Xilinx/vpk120/es/1.2/board.xml as part xcvp1202-vsva2785-2mp-e-s-es1 specified in board_part file is either invalid or not available
WARNING: [Board 49-26] cannot add Board Part xilinx.com:vpk120_es_revb:part0:1.0 available at D:/Software/Vivado2022/Vivado/2022.2/data/xhub/boards/XilinxBoardStore/boards/Xilinx/vpk120_revb/es/1.0/board.xml as part xcvp1202-vsva2785-2mp-e-s-es1 specified in board_part file is either invalid or not available
WARNING: [Board 49-26] cannot add Board Part xilinx.com:vpk180_es:part0:1.0 available at D:/Software/Vivado2022/Vivado/2022.2/data/xhub/boards/XilinxBoardStore/boards/Xilinx/vpk180/es/1.0/board.xml as part xcvp1802-lsvc4072-2mp-e-s-es1 specified in board_part file is either invalid or not available
WARNING: [Board 49-26] cannot add Board Part xilinx.com:zc706:part0:1.4 available at D:/Software/Vivado2022/Vivado/2022.2/data/xhub/boards/XilinxBoardStore/boards/Xilinx/zc706/1.4/board.xml as part xc7z045ffg900-2 specified in board_part file is either invalid or not available
WARNING: [Board 49-26] cannot add Board Part xilinx.com:zcu102:part0:3.3 available at D:/Software/Vivado2022/Vivado/2022.2/data/xhub/boards/XilinxBoardStore/boards/Xilinx/zcu102/3.3/board.xml as part xczu9eg-ffvb1156-2-e specified in board_part file is either invalid or not available
WARNING: [Board 49-26] cannot add Board Part xilinx.com:zcu102:part0:3.4 available at D:/Software/Vivado2022/Vivado/2022.2/data/xhub/boards/XilinxBoardStore/boards/Xilinx/zcu102/3.4/board.xml as part xczu9eg-ffvb1156-2-e specified in board_part file is either invalid or not available
WARNING: [Board 49-26] cannot add Board Part xilinx.com:zcu111:part0:1.2 available at D:/Software/Vivado2022/Vivado/2022.2/data/xhub/boards/XilinxBoardStore/boards/Xilinx/zcu111/1.2/board.xml as part xczu28dr-ffvg1517-2-e specified in board_part file is either invalid or not available
WARNING: [Board 49-26] cannot add Board Part xilinx.com:zcu111:part0:1.3 available at D:/Software/Vivado2022/Vivado/2022.2/data/xhub/boards/XilinxBoardStore/boards/Xilinx/zcu111/1.3/board.xml as part xczu28dr-ffvg1517-2-e specified in board_part file is either invalid or not available
WARNING: [Board 49-26] cannot add Board Part xilinx.com:zcu111:part0:1.4 available at D:/Software/Vivado2022/Vivado/2022.2/data/xhub/boards/XilinxBoardStore/boards/Xilinx/zcu111/1.4/board.xml as part xczu28dr-ffvg1517-2-e specified in board_part file is either invalid or not available
WARNING: [Board 49-26] cannot add Board Part xilinx.com:zcu1275:part0:1.0 available at D:/Software/Vivado2022/Vivado/2022.2/data/xhub/boards/XilinxBoardStore/boards/Xilinx/zcu1275/1.0/board.xml as part xczu29dr-ffvf1760-2-e specified in board_part file is either invalid or not available
WARNING: [Board 49-26] cannot add Board Part xilinx.com:zcu1285:part0:1.0 available at D:/Software/Vivado2022/Vivado/2022.2/data/xhub/boards/XilinxBoardStore/boards/Xilinx/zcu1285/1.0/board.xml as part xczu39dr-ffvf1760-2-i specified in board_part file is either invalid or not available
WARNING: [Board 49-26] cannot add Board Part xilinx.com:zcu208:part0:2.0 available at D:/Software/Vivado2022/Vivado/2022.2/data/xhub/boards/XilinxBoardStore/boards/Xilinx/zcu208/production/2.0/board.xml as part xczu48dr-fsvg1517-2-e specified in board_part file is either invalid or not available
WARNING: [Board 49-26] cannot add Board Part xilinx.com:zcu208ld:part0:2.0 available at D:/Software/Vivado2022/Vivado/2022.2/data/xhub/boards/XilinxBoardStore/boards/Xilinx/zcu208ld/production/2.0/board.xml as part xczu58dr-fsvg1517-2-i specified in board_part file is either invalid or not available
WARNING: [Board 49-26] cannot add Board Part xilinx.com:zcu216:part0:2.0 available at D:/Software/Vivado2022/Vivado/2022.2/data/xhub/boards/XilinxBoardStore/boards/Xilinx/zcu216/production/2.0/board.xml as part xczu49dr-ffvf1760-2-e specified in board_part file is either invalid or not available
WARNING: [Board 49-26] cannot add Board Part xilinx.com:zcu216ld:part0:2.0 available at D:/Software/Vivado2022/Vivado/2022.2/data/xhub/boards/XilinxBoardStore/boards/Xilinx/zcu216ld/production/2.0/board.xml as part xczu59dr-ffvf1760-2-i specified in board_part file is either invalid or not available
WARNING: [Board 49-26] cannot add Board Part xilinx.com:zcu670:part0:2.0 available at D:/Software/Vivado2022/Vivado/2022.2/data/xhub/boards/XilinxBoardStore/boards/Xilinx/zcu670/2.0/board.xml as part xczu67dr-fsve1156-2-i specified in board_part file is either invalid or not available
WARNING: [Board 49-26] cannot add Board Part xilinx.com:zcu670ld:part0:1.0 available at D:/Software/Vivado2022/Vivado/2022.2/data/xhub/boards/XilinxBoardStore/boards/Xilinx/zcu670ld/1.0/board.xml as part xczu57dr-fsve1156-2-i specified in board_part file is either invalid or not available
Scanning sources...
Finished scanning sources
INFO: [IP_Flow 19-234] Refreshing IP repositories
INFO: [IP_Flow 19-1704] No user IP repositories specified
INFO: [IP_Flow 19-2313] Loaded Vivado IP repository 'D:/Software/Vivado2022/Vivado/2022.2/data/ip'.
open_project: Time (s): cpu = 00:00:20 ; elapsed = 00:00:09 . Memory (MB): peak = 1147.000 ; gain = 342.734
launch_simulation -mode post-synthesis -type functional
Command: launch_simulation  -mode post-synthesis -type functional
INFO: [Vivado 12-12493] Simulation top is 'top_tb'
WARNING: [Vivado 12-13340] Unable to auto find GCC executables from simulator install path! (path not set)
WARNING: [Vivado 12-13277] Compiled library path does not exist: ''
INFO: [Vivado 12-5698] Checking validity of IPs in the design for the 'XSim' simulator...
INFO: [Vivado 12-5682] Launching post-synthesis functional simulation in 'D:/Desktop/Asynchronous_click_sram/Asynchronous_click_sram.sim/sim_1/synth/func/xsim'
INFO: [Vivado 12-4795] Using compiled simulation libraries for IPs
INFO: [SIM-utils-51] Simulation object is 'sim_1'
INFO: [SIM-utils-72] Using boost library from 'D:/Software/Vivado2022/Vivado/2022.2/tps/boost_1_72_0'
Design is defaulting to impl run constrset: constrs_1
Design is defaulting to synth run part: xc7a100tcsg324-1
INFO: [Device 21-403] Loading part xc7a100tcsg324-1
INFO: [Project 1-454] Reading design checkpoint 'd:/Desktop/Asynchronous_click_sram/Asynchronous_click_sram.gen/sources_1/ip/dist_mem_gen_0/dist_mem_gen_0.dcp' for cell 'your_instance_name'
Netlist sorting complete. Time (s): cpu = 00:00:00 ; elapsed = 00:00:00.001 . Memory (MB): peak = 1528.820 ; gain = 0.000
INFO: [Netlist 29-17] Analyzing 16 Unisim elements for replacement
INFO: [Netlist 29-28] Unisim Transformation completed in 0 CPU seconds
INFO: [Project 1-479] Netlist was created with Vivado 2022.2
INFO: [Project 1-570] Preparing netlist for logic optimization
INFO: [Opt 31-138] Pushed 0 inverter(s) to 0 load pin(s).
Netlist sorting complete. Time (s): cpu = 00:00:00 ; elapsed = 00:00:00 . Memory (MB): peak = 1601.977 ; gain = 0.000
INFO: [Project 1-111] Unisim Transformation Summary:
  A total of 16 instances were transformed.
  RAM64X1S => RAM64X1S (RAMS64E): 16 instances

open_run: Time (s): cpu = 00:00:15 ; elapsed = 00:00:10 . Memory (MB): peak = 1720.641 ; gain = 561.574
INFO: [SIM-utils-24] Writing simulation netlist file for design 'synth_1'...
INFO: [SIM-utils-25] write_verilog -mode funcsim -nolib -force -file "D:/Desktop/Asynchronous_click_sram/Asynchronous_click_sram.sim/sim_1/synth/func/xsim/top_tb_func_synth.v"
INFO: [SIM-utils-36] Netlist generated:D:/Desktop/Asynchronous_click_sram/Asynchronous_click_sram.sim/sim_1/synth/func/xsim/top_tb_func_synth.v
INFO: [USF-XSim-7] Finding pre-compiled libraries...
INFO: [USF-XSim-11] File 'D:/Software/Vivado2022/Vivado/2022.2/data/xsim/xsim.ini' copied to run dir:'D:/Desktop/Asynchronous_click_sram/Asynchronous_click_sram.sim/sim_1/synth/func/xsim'
INFO: [SIM-utils-54] Inspecting design source files for 'top_tb' in fileset 'sim_1'...
INFO: [SIM-utils-43] Exported 'D:/Desktop/Asynchronous_click_sram/Asynchronous_click_sram.sim/sim_1/synth/func/xsim/dist_mem_gen_0.mif'
INFO: [SIM-utils-43] Exported 'D:/Desktop/Asynchronous_click_sram/Asynchronous_click_sram.sim/sim_1/synth/func/xsim/test.coe'
INFO: [USF-XSim-2] XSim::Compile design
INFO: [USF-XSim-61] Executing 'COMPILE and ANALYZE' step in 'D:/Desktop/Asynchronous_click_sram/Asynchronous_click_sram.sim/sim_1/synth/func/xsim'
"xvlog --incr --relax -prj top_tb_vlog.prj"
INFO: [VRFC 10-2263] Analyzing Verilog file "D:/Desktop/Asynchronous_click_sram/Asynchronous_click_sram.sim/sim_1/synth/func/xsim/top_tb_func_synth.v" into library xil_defaultlib
INFO: [VRFC 10-311] analyzing module dist_mem_gen_0
INFO: [VRFC 10-311] analyzing module top
INFO: [VRFC 10-311] analyzing module dist_mem_gen_0_dist_mem_gen_v8_0_13
INFO: [VRFC 10-311] analyzing module dist_mem_gen_0_dist_mem_gen_v8_0_13_synth
INFO: [VRFC 10-311] analyzing module dist_mem_gen_0_spram
INFO: [VRFC 10-311] analyzing module glbl
INFO: [VRFC 10-2263] Analyzing Verilog file "D:/Desktop/Asynchronous_click_sram/Asynchronous_click_sram.srcs/sim_1/new/top_tb.v" into library xil_defaultlib
INFO: [VRFC 10-311] analyzing module top_tb
INFO: [USF-XSim-69] 'compile' step finished in '2' seconds
INFO: [USF-XSim-3] XSim::Elaborate design
INFO: [USF-XSim-61] Executing 'ELABORATE' step in 'D:/Desktop/Asynchronous_click_sram/Asynchronous_click_sram.sim/sim_1/synth/func/xsim'
"xelab --incr --debug typical --relax --mt 2 -L xil_defaultlib -L unisims_ver -L secureip --snapshot top_tb_func_synth xil_defaultlib.top_tb xil_defaultlib.glbl -log elaborate.log"
Vivado Simulator v2022.2
Copyright 1986-1999, 2001-2022 Xilinx, Inc. All Rights Reserved.
Running: D:/Software/Vivado2022/Vivado/2022.2/bin/unwrapped/win64.o/xelab.exe --incr --debug typical --relax --mt 2 -L xil_defaultlib -L unisims_ver -L secureip --snapshot top_tb_func_synth xil_defaultlib.top_tb xil_defaultlib.glbl -log elaborate.log 
Using 2 slave threads.
Starting static elaboration
Pass Through NonSizing Optimizer
Completed static elaboration
Starting simulation data flow analysis
Completed simulation data flow analysis
Time Resolution for simulation is 1ps
Compiling module unisims_ver.x_lut1_mux2
Compiling module unisims_ver.LUT1
Compiling module unisims_ver.x_lut2_mux4
Compiling module unisims_ver.LUT2(INIT=4'b0110)
Compiling module unisims_ver.x_lut3_mux8
Compiling module unisims_ver.LUT3(INIT=8'b01111000)
Compiling module unisims_ver.LUT4(INIT=16'b0111111110000000)
Compiling module unisims_ver.LUT5(INIT=32'b011110001111000011...
Compiling module unisims_ver.LUT6(INIT=64'b011111111000000011...
Compiling module unisims_ver.FDCE_default
Compiling module unisims_ver.BUFG
Compiling module unisims_ver.IBUF
Compiling module unisims_ver.OBUF
Compiling module unisims_ver.GND
Compiling module unisims_ver.FDRE_default
Compiling module unisims_ver.RAM64X1S
Compiling module xil_defaultlib.dist_mem_gen_0
Compiling module xil_defaultlib.top
Compiling module xil_defaultlib.top_tb
Compiling module xil_defaultlib.glbl
Built simulation snapshot top_tb_func_synth
run_program: Time (s): cpu = 00:00:05 ; elapsed = 00:00:07 . Memory (MB): peak = 1897.797 ; gain = 141.004
INFO: [USF-XSim-69] 'elaborate' step finished in '7' seconds
INFO: [USF-XSim-4] XSim::Simulate design
INFO: [USF-XSim-61] Executing 'SIMULATE' step in 'D:/Desktop/Asynchronous_click_sram/Asynchronous_click_sram.sim/sim_1/synth/func/xsim'
INFO: [USF-XSim-98] *** Running xsim
   with args "top_tb_func_synth -key {Post-Synthesis:sim_1:Functional:top_tb} -tclbatch {top_tb.tcl} -log {simulate.log}"
INFO: [USF-XSim-8] Loading simulator feature
Time resolution is 1 ps
source top_tb.tcl
# set curr_wave [current_wave_config]
# if { [string length $curr_wave] == 0 } {
#   if { [llength [get_objects]] > 0} {
#     add_wave /
#     set_property needs_save false [current_wave_config]
#   } else {
#      send_msg_id Add_Wave-1 WARNING "No top level signals found. Simulator will start without a wave window. If you want to open a wave window go to 'File->New Waveform Configuration' or type 'create_wave_config' in the TCL console."
#   }
# }
# run 1000ns
INFO: [USF-XSim-96] XSim completed. Design snapshot 'top_tb_func_synth' loaded.
INFO: [USF-XSim-97] XSim simulation ran for 1000ns
launch_simulation: Time (s): cpu = 00:00:34 ; elapsed = 00:00:26 . Memory (MB): peak = 2219.984 ; gain = 1060.918
run all
launch_simulation
Command: launch_simulation 
INFO: [Vivado 12-12493] Simulation top is 'top_tb'
WARNING: [Vivado 12-13340] Unable to auto find GCC executables from simulator install path! (path not set)
WARNING: [Vivado 12-13277] Compiled library path does not exist: ''
INFO: [Vivado 12-5698] Checking validity of IPs in the design for the 'XSim' simulator...
INFO: [Vivado 12-5682] Launching behavioral simulation in 'D:/Desktop/Asynchronous_click_sram/Asynchronous_click_sram.sim/sim_1/behav/xsim'
INFO: [Vivado 12-4795] Using compiled simulation libraries for IPs
INFO: [SIM-utils-51] Simulation object is 'sim_1'
INFO: [SIM-utils-72] Using boost library from 'D:/Software/Vivado2022/Vivado/2022.2/tps/boost_1_72_0'
INFO: [USF-XSim-7] Finding pre-compiled libraries...
INFO: [USF-XSim-11] File 'D:/Software/Vivado2022/Vivado/2022.2/data/xsim/xsim.ini' copied to run dir:'D:/Desktop/Asynchronous_click_sram/Asynchronous_click_sram.sim/sim_1/behav/xsim'
INFO: [SIM-utils-54] Inspecting design source files for 'top_tb' in fileset 'sim_1'...
INFO: [SIM-utils-43] Exported 'D:/Desktop/Asynchronous_click_sram/Asynchronous_click_sram.sim/sim_1/behav/xsim/dist_mem_gen_0.mif'
INFO: [SIM-utils-43] Exported 'D:/Desktop/Asynchronous_click_sram/Asynchronous_click_sram.sim/sim_1/behav/xsim/test.coe'
INFO: [USF-XSim-97] Finding global include files...
INFO: [USF-XSim-100] Fetching design files from 'sources_1'...(this may take a while)...
INFO: [USF-XSim-101] Fetching design files from 'sim_1'...
INFO: [USF-XSim-2] XSim::Compile design
INFO: [USF-XSim-61] Executing 'COMPILE and ANALYZE' step in 'D:/Desktop/Asynchronous_click_sram/Asynchronous_click_sram.sim/sim_1/behav/xsim'
"xvlog --incr --relax -prj top_tb_vlog.prj"
INFO: [VRFC 10-2263] Analyzing Verilog file "D:/Desktop/Asynchronous_click_sram/Asynchronous_click_sram.gen/sources_1/ip/dist_mem_gen_0/sim/dist_mem_gen_0.v" into library xil_defaultlib
INFO: [VRFC 10-311] analyzing module dist_mem_gen_0
INFO: [VRFC 10-2263] Analyzing Verilog file "D:/Desktop/Asynchronous_click_sram/Asynchronous_click_sram.srcs/sources_1/new/click.v" into library xil_defaultlib
INFO: [VRFC 10-311] analyzing module click
INFO: [VRFC 10-2263] Analyzing Verilog file "D:/Desktop/Asynchronous_click_sram/Asynchronous_click_sram.srcs/sources_1/new/top.v" into library xil_defaultlib
INFO: [VRFC 10-311] analyzing module top
INFO: [VRFC 10-2263] Analyzing Verilog file "D:/Desktop/Asynchronous_click_sram/Asynchronous_click_sram.srcs/sim_1/new/top_tb.v" into library xil_defaultlib
INFO: [VRFC 10-311] analyzing module top_tb
INFO: [USF-XSim-69] 'compile' step finished in '3' seconds
INFO: [USF-XSim-3] XSim::Elaborate design
INFO: [USF-XSim-61] Executing 'ELABORATE' step in 'D:/Desktop/Asynchronous_click_sram/Asynchronous_click_sram.sim/sim_1/behav/xsim'
"xelab --incr --debug typical --relax --mt 2 -L xil_defaultlib -L dist_mem_gen_v8_0_13 -L unisims_ver -L unimacro_ver -L secureip -L xpm --snapshot top_tb_behav xil_defaultlib.top_tb xil_defaultlib.glbl -log elaborate.log"
Vivado Simulator v2022.2
Copyright 1986-1999, 2001-2022 Xilinx, Inc. All Rights Reserved.
Running: D:/Software/Vivado2022/Vivado/2022.2/bin/unwrapped/win64.o/xelab.exe --incr --debug typical --relax --mt 2 -L xil_defaultlib -L dist_mem_gen_v8_0_13 -L unisims_ver -L unimacro_ver -L secureip -L xpm --snapshot top_tb_behav xil_defaultlib.top_tb xil_defaultlib.glbl -log elaborate.log 
Using 2 slave threads.
Starting static elaboration
Pass Through NonSizing Optimizer
WARNING: [VRFC 10-5021] port 'd' is not connected on this instance [D:/Desktop/Asynchronous_click_sram/Asynchronous_click_sram.srcs/sources_1/new/top.v:45]
Completed static elaboration
Starting simulation data flow analysis
Completed simulation data flow analysis
Time Resolution for simulation is 1ps
Compiling module unisims_ver.x_lut2_mux4
Compiling module unisims_ver.LUT2
Compiling module unisims_ver.x_lut1_mux2
Compiling module unisims_ver.LUT1
Compiling module unisims_ver.FDPE(INIT=1'b0)
Compiling module xil_defaultlib.click
Compiling module dist_mem_gen_v8_0_13.dist_mem_gen_v8_0_13(C_FAMILY="a...
Compiling module xil_defaultlib.dist_mem_gen_0
Compiling module xil_defaultlib.top
Compiling module xil_defaultlib.top_tb
Compiling module xil_defaultlib.glbl
Built simulation snapshot top_tb_behav
run_program: Time (s): cpu = 00:00:01 ; elapsed = 00:00:07 . Memory (MB): peak = 2237.711 ; gain = 0.000
INFO: [USF-XSim-69] 'elaborate' step finished in '7' seconds
INFO: [USF-XSim-4] XSim::Simulate design
INFO: [USF-XSim-61] Executing 'SIMULATE' step in 'D:/Desktop/Asynchronous_click_sram/Asynchronous_click_sram.sim/sim_1/behav/xsim'
INFO: [USF-XSim-98] *** Running xsim
   with args "top_tb_behav -key {Behavioral:sim_1:Functional:top_tb} -tclbatch {top_tb.tcl} -log {simulate.log}"
INFO: [USF-XSim-8] Loading simulator feature
Time resolution is 1 ps
source top_tb.tcl
# set curr_wave [current_wave_config]
# if { [string length $curr_wave] == 0 } {
#   if { [llength [get_objects]] > 0} {
#     add_wave /
#     set_property needs_save false [current_wave_config]
#   } else {
#      send_msg_id Add_Wave-1 WARNING "No top level signals found. Simulator will start without a wave window. If you want to open a wave window go to 'File->New Waveform Configuration' or type 'create_wave_config' in the TCL console."
#   }
# }
# run 1000ns
WARNING: This core is supplied with a behavioral model. To model cycle-accurate behavior you must run timing simulation.
INFO: [USF-XSim-96] XSim completed. Design snapshot 'top_tb_behav' loaded.
INFO: [USF-XSim-97] XSim simulation ran for 1000ns
launch_simulation: Time (s): cpu = 00:00:04 ; elapsed = 00:00:14 . Memory (MB): peak = 2247.906 ; gain = 10.195
run all
run: Time (s): cpu = 00:00:10 ; elapsed = 00:00:08 . Memory (MB): peak = 2255.383 ; gain = 0.000
add_bp {D:/Desktop/Asynchronous_click_sram/Asynchronous_click_sram.srcs/sim_1/new/top_tb.v} 10
close_sim
INFO: [Simtcl 6-16] Simulation closed
launch_simulation
Command: launch_simulation 
INFO: [Vivado 12-12493] Simulation top is 'top_tb'
WARNING: [Vivado 12-13340] Unable to auto find GCC executables from simulator install path! (path not set)
WARNING: [Vivado 12-13277] Compiled library path does not exist: ''
INFO: [Vivado 12-5698] Checking validity of IPs in the design for the 'XSim' simulator...
INFO: [Vivado 12-5682] Launching behavioral simulation in 'D:/Desktop/Asynchronous_click_sram/Asynchronous_click_sram.sim/sim_1/behav/xsim'
INFO: [Vivado 12-4795] Using compiled simulation libraries for IPs
INFO: [SIM-utils-51] Simulation object is 'sim_1'
INFO: [SIM-utils-72] Using boost library from 'D:/Software/Vivado2022/Vivado/2022.2/tps/boost_1_72_0'
INFO: [USF-XSim-7] Finding pre-compiled libraries...
INFO: [USF-XSim-11] File 'D:/Software/Vivado2022/Vivado/2022.2/data/xsim/xsim.ini' copied to run dir:'D:/Desktop/Asynchronous_click_sram/Asynchronous_click_sram.sim/sim_1/behav/xsim'
INFO: [SIM-utils-54] Inspecting design source files for 'top_tb' in fileset 'sim_1'...
INFO: [SIM-utils-43] Exported 'D:/Desktop/Asynchronous_click_sram/Asynchronous_click_sram.sim/sim_1/behav/xsim/dist_mem_gen_0.mif'
INFO: [SIM-utils-43] Exported 'D:/Desktop/Asynchronous_click_sram/Asynchronous_click_sram.sim/sim_1/behav/xsim/test.coe'
INFO: [USF-XSim-97] Finding global include files...
INFO: [USF-XSim-100] Fetching design files from 'sources_1'...(this may take a while)...
INFO: [USF-XSim-101] Fetching design files from 'sim_1'...
INFO: [USF-XSim-2] XSim::Compile design
INFO: [USF-XSim-61] Executing 'COMPILE and ANALYZE' step in 'D:/Desktop/Asynchronous_click_sram/Asynchronous_click_sram.sim/sim_1/behav/xsim'
"xvlog --incr --relax -prj top_tb_vlog.prj"
INFO: [VRFC 10-2263] Analyzing Verilog file "D:/Desktop/Asynchronous_click_sram/Asynchronous_click_sram.gen/sources_1/ip/dist_mem_gen_0/sim/dist_mem_gen_0.v" into library xil_defaultlib
INFO: [VRFC 10-311] analyzing module dist_mem_gen_0
INFO: [VRFC 10-2263] Analyzing Verilog file "D:/Desktop/Asynchronous_click_sram/Asynchronous_click_sram.srcs/sources_1/new/click.v" into library xil_defaultlib
INFO: [VRFC 10-311] analyzing module click
INFO: [VRFC 10-2263] Analyzing Verilog file "D:/Desktop/Asynchronous_click_sram/Asynchronous_click_sram.srcs/sources_1/new/top.v" into library xil_defaultlib
INFO: [VRFC 10-311] analyzing module top
INFO: [VRFC 10-2263] Analyzing Verilog file "D:/Desktop/Asynchronous_click_sram/Asynchronous_click_sram.srcs/sim_1/new/top_tb.v" into library xil_defaultlib
INFO: [VRFC 10-311] analyzing module top_tb
INFO: [USF-XSim-69] 'compile' step finished in '1' seconds
INFO: [USF-XSim-3] XSim::Elaborate design
INFO: [USF-XSim-61] Executing 'ELABORATE' step in 'D:/Desktop/Asynchronous_click_sram/Asynchronous_click_sram.sim/sim_1/behav/xsim'
"xelab --incr --debug typical --relax --mt 2 -L xil_defaultlib -L dist_mem_gen_v8_0_13 -L unisims_ver -L unimacro_ver -L secureip -L xpm --snapshot top_tb_behav xil_defaultlib.top_tb xil_defaultlib.glbl -log elaborate.log"
Vivado Simulator v2022.2
Copyright 1986-1999, 2001-2022 Xilinx, Inc. All Rights Reserved.
Running: D:/Software/Vivado2022/Vivado/2022.2/bin/unwrapped/win64.o/xelab.exe --incr --debug typical --relax --mt 2 -L xil_defaultlib -L dist_mem_gen_v8_0_13 -L unisims_ver -L unimacro_ver -L secureip -L xpm --snapshot top_tb_behav xil_defaultlib.top_tb xil_defaultlib.glbl -log elaborate.log 
Using 2 slave threads.
Starting static elaboration
Pass Through NonSizing Optimizer
WARNING: [VRFC 10-5021] port 'd' is not connected on this instance [D:/Desktop/Asynchronous_click_sram/Asynchronous_click_sram.srcs/sources_1/new/top.v:45]
Completed static elaboration
Starting simulation data flow analysis
Completed simulation data flow analysis
Time Resolution for simulation is 1ps
Compiling module unisims_ver.x_lut2_mux4
Compiling module unisims_ver.LUT2
Compiling module unisims_ver.x_lut1_mux2
Compiling module unisims_ver.LUT1
Compiling module unisims_ver.FDPE(INIT=1'b0)
Compiling module xil_defaultlib.click
Compiling module dist_mem_gen_v8_0_13.dist_mem_gen_v8_0_13(C_FAMILY="a...
Compiling module xil_defaultlib.dist_mem_gen_0
Compiling module xil_defaultlib.top
Compiling module xil_defaultlib.top_tb
Compiling module xil_defaultlib.glbl
Built simulation snapshot top_tb_behav
INFO: [USF-XSim-69] 'elaborate' step finished in '3' seconds
INFO: [USF-XSim-4] XSim::Simulate design
INFO: [USF-XSim-61] Executing 'SIMULATE' step in 'D:/Desktop/Asynchronous_click_sram/Asynchronous_click_sram.sim/sim_1/behav/xsim'
INFO: [USF-XSim-98] *** Running xsim
   with args "top_tb_behav -key {Behavioral:sim_1:Functional:top_tb} -tclbatch {top_tb.tcl} -log {simulate.log}"
INFO: [USF-XSim-8] Loading simulator feature
Time resolution is 1 ps
source top_tb.tcl
# set curr_wave [current_wave_config]
# if { [string length $curr_wave] == 0 } {
#   if { [llength [get_objects]] > 0} {
#     add_wave /
#     set_property needs_save false [current_wave_config]
#   } else {
#      send_msg_id Add_Wave-1 WARNING "No top level signals found. Simulator will start without a wave window. If you want to open a wave window go to 'File->New Waveform Configuration' or type 'create_wave_config' in the TCL console."
#   }
# }
# run 1000ns
WARNING: This core is supplied with a behavioral model. To model cycle-accurate behavior you must run timing simulation.
Stopped at time : 0 fs : File "D:/Desktop/Asynchronous_click_sram/Asynchronous_click_sram.srcs/sim_1/new/top_tb.v" Line 10
INFO: [USF-XSim-96] XSim completed. Design snapshot 'top_tb_behav' loaded.
INFO: [USF-XSim-97] XSim simulation ran for 1000ns
launch_simulation: Time (s): cpu = 00:00:02 ; elapsed = 00:00:06 . Memory (MB): peak = 2255.383 ; gain = 0.000
run all
Stopped at time : 20 ns : File "D:/Desktop/Asynchronous_click_sram/Asynchronous_click_sram.srcs/sim_1/new/top_tb.v" Line 10
run all
Stopped at time : 20 ns : File "D:/Desktop/Asynchronous_click_sram/Asynchronous_click_sram.srcs/sim_1/new/top_tb.v" Line 10
close_sim
INFO: [Simtcl 6-16] Simulation closed
launch_simulation
Command: launch_simulation 
INFO: [Vivado 12-12493] Simulation top is 'top_tb'
WARNING: [Vivado 12-13340] Unable to auto find GCC executables from simulator install path! (path not set)
WARNING: [Vivado 12-13277] Compiled library path does not exist: ''
INFO: [Vivado 12-5698] Checking validity of IPs in the design for the 'XSim' simulator...
INFO: [Vivado 12-5682] Launching behavioral simulation in 'D:/Desktop/Asynchronous_click_sram/Asynchronous_click_sram.sim/sim_1/behav/xsim'
INFO: [Vivado 12-4795] Using compiled simulation libraries for IPs
INFO: [SIM-utils-51] Simulation object is 'sim_1'
INFO: [SIM-utils-72] Using boost library from 'D:/Software/Vivado2022/Vivado/2022.2/tps/boost_1_72_0'
INFO: [USF-XSim-7] Finding pre-compiled libraries...
INFO: [USF-XSim-11] File 'D:/Software/Vivado2022/Vivado/2022.2/data/xsim/xsim.ini' copied to run dir:'D:/Desktop/Asynchronous_click_sram/Asynchronous_click_sram.sim/sim_1/behav/xsim'
INFO: [SIM-utils-54] Inspecting design source files for 'top_tb' in fileset 'sim_1'...
INFO: [SIM-utils-43] Exported 'D:/Desktop/Asynchronous_click_sram/Asynchronous_click_sram.sim/sim_1/behav/xsim/dist_mem_gen_0.mif'
INFO: [SIM-utils-43] Exported 'D:/Desktop/Asynchronous_click_sram/Asynchronous_click_sram.sim/sim_1/behav/xsim/test.coe'
INFO: [USF-XSim-97] Finding global include files...
INFO: [USF-XSim-100] Fetching design files from 'sources_1'...(this may take a while)...
INFO: [USF-XSim-101] Fetching design files from 'sim_1'...
INFO: [USF-XSim-2] XSim::Compile design
INFO: [USF-XSim-61] Executing 'COMPILE and ANALYZE' step in 'D:/Desktop/Asynchronous_click_sram/Asynchronous_click_sram.sim/sim_1/behav/xsim'
"xvlog --incr --relax -prj top_tb_vlog.prj"
INFO: [VRFC 10-2263] Analyzing Verilog file "D:/Desktop/Asynchronous_click_sram/Asynchronous_click_sram.gen/sources_1/ip/dist_mem_gen_0/sim/dist_mem_gen_0.v" into library xil_defaultlib
INFO: [VRFC 10-311] analyzing module dist_mem_gen_0
INFO: [VRFC 10-2263] Analyzing Verilog file "D:/Desktop/Asynchronous_click_sram/Asynchronous_click_sram.srcs/sources_1/new/click.v" into library xil_defaultlib
INFO: [VRFC 10-311] analyzing module click
INFO: [VRFC 10-2263] Analyzing Verilog file "D:/Desktop/Asynchronous_click_sram/Asynchronous_click_sram.srcs/sources_1/new/top.v" into library xil_defaultlib
INFO: [VRFC 10-311] analyzing module top
INFO: [VRFC 10-2263] Analyzing Verilog file "D:/Desktop/Asynchronous_click_sram/Asynchronous_click_sram.srcs/sim_1/new/top_tb.v" into library xil_defaultlib
INFO: [VRFC 10-311] analyzing module top_tb
INFO: [USF-XSim-69] 'compile' step finished in '3' seconds
INFO: [USF-XSim-3] XSim::Elaborate design
INFO: [USF-XSim-61] Executing 'ELABORATE' step in 'D:/Desktop/Asynchronous_click_sram/Asynchronous_click_sram.sim/sim_1/behav/xsim'
"xelab --incr --debug typical --relax --mt 2 -L xil_defaultlib -L dist_mem_gen_v8_0_13 -L unisims_ver -L unimacro_ver -L secureip -L xpm --snapshot top_tb_behav xil_defaultlib.top_tb xil_defaultlib.glbl -log elaborate.log"
Vivado Simulator v2022.2
Copyright 1986-1999, 2001-2022 Xilinx, Inc. All Rights Reserved.
Running: D:/Software/Vivado2022/Vivado/2022.2/bin/unwrapped/win64.o/xelab.exe --incr --debug typical --relax --mt 2 -L xil_defaultlib -L dist_mem_gen_v8_0_13 -L unisims_ver -L unimacro_ver -L secureip -L xpm --snapshot top_tb_behav xil_defaultlib.top_tb xil_defaultlib.glbl -log elaborate.log 
Using 2 slave threads.
Starting static elaboration
Pass Through NonSizing Optimizer
WARNING: [VRFC 10-5021] port 'd' is not connected on this instance [D:/Desktop/Asynchronous_click_sram/Asynchronous_click_sram.srcs/sources_1/new/top.v:45]
Completed static elaboration
Starting simulation data flow analysis
Completed simulation data flow analysis
Time Resolution for simulation is 1ps
Compiling module unisims_ver.x_lut2_mux4
Compiling module unisims_ver.LUT2
Compiling module unisims_ver.x_lut1_mux2
Compiling module unisims_ver.LUT1
Compiling module unisims_ver.FDPE(INIT=1'b0)
Compiling module xil_defaultlib.click
Compiling module dist_mem_gen_v8_0_13.dist_mem_gen_v8_0_13(C_FAMILY="a...
Compiling module xil_defaultlib.dist_mem_gen_0
Compiling module xil_defaultlib.top
Compiling module xil_defaultlib.top_tb
Compiling module xil_defaultlib.glbl
Built simulation snapshot top_tb_behav
INFO: [USF-XSim-69] 'elaborate' step finished in '5' seconds
INFO: [USF-XSim-4] XSim::Simulate design
INFO: [USF-XSim-61] Executing 'SIMULATE' step in 'D:/Desktop/Asynchronous_click_sram/Asynchronous_click_sram.sim/sim_1/behav/xsim'
INFO: [USF-XSim-98] *** Running xsim
   with args "top_tb_behav -key {Behavioral:sim_1:Functional:top_tb} -tclbatch {top_tb.tcl} -log {simulate.log}"
INFO: [USF-XSim-8] Loading simulator feature
Time resolution is 1 ps
source top_tb.tcl
# set curr_wave [current_wave_config]
# if { [string length $curr_wave] == 0 } {
#   if { [llength [get_objects]] > 0} {
#     add_wave /
#     set_property needs_save false [current_wave_config]
#   } else {
#      send_msg_id Add_Wave-1 WARNING "No top level signals found. Simulator will start without a wave window. If you want to open a wave window go to 'File->New Waveform Configuration' or type 'create_wave_config' in the TCL console."
#   }
# }
# run 1000ns
WARNING: This core is supplied with a behavioral model. To model cycle-accurate behavior you must run timing simulation.
Stopped at time : 0 fs : File "D:/Desktop/Asynchronous_click_sram/Asynchronous_click_sram.srcs/sim_1/new/top_tb.v" Line 10
INFO: [USF-XSim-96] XSim completed. Design snapshot 'top_tb_behav' loaded.
INFO: [USF-XSim-97] XSim simulation ran for 1000ns
launch_simulation: Time (s): cpu = 00:00:03 ; elapsed = 00:00:10 . Memory (MB): peak = 2262.266 ; gain = 0.699
run all
Stopped at time : 20 ns : File "D:/Desktop/Asynchronous_click_sram/Asynchronous_click_sram.srcs/sim_1/new/top_tb.v" Line 10
run all
Stopped at time : 20 ns : File "D:/Desktop/Asynchronous_click_sram/Asynchronous_click_sram.srcs/sim_1/new/top_tb.v" Line 10
close_sim
INFO: [Simtcl 6-16] Simulation closed
launch_simulation
Command: launch_simulation 
INFO: [Vivado 12-12493] Simulation top is 'top_tb'
WARNING: [Vivado 12-13340] Unable to auto find GCC executables from simulator install path! (path not set)
WARNING: [Vivado 12-13277] Compiled library path does not exist: ''
INFO: [Vivado 12-5698] Checking validity of IPs in the design for the 'XSim' simulator...
INFO: [Vivado 12-5682] Launching behavioral simulation in 'D:/Desktop/Asynchronous_click_sram/Asynchronous_click_sram.sim/sim_1/behav/xsim'
INFO: [Vivado 12-4795] Using compiled simulation libraries for IPs
INFO: [SIM-utils-51] Simulation object is 'sim_1'
INFO: [SIM-utils-72] Using boost library from 'D:/Software/Vivado2022/Vivado/2022.2/tps/boost_1_72_0'
INFO: [USF-XSim-7] Finding pre-compiled libraries...
INFO: [USF-XSim-11] File 'D:/Software/Vivado2022/Vivado/2022.2/data/xsim/xsim.ini' copied to run dir:'D:/Desktop/Asynchronous_click_sram/Asynchronous_click_sram.sim/sim_1/behav/xsim'
INFO: [SIM-utils-54] Inspecting design source files for 'top_tb' in fileset 'sim_1'...
INFO: [SIM-utils-43] Exported 'D:/Desktop/Asynchronous_click_sram/Asynchronous_click_sram.sim/sim_1/behav/xsim/dist_mem_gen_0.mif'
INFO: [SIM-utils-43] Exported 'D:/Desktop/Asynchronous_click_sram/Asynchronous_click_sram.sim/sim_1/behav/xsim/test.coe'
INFO: [USF-XSim-97] Finding global include files...
INFO: [USF-XSim-100] Fetching design files from 'sources_1'...(this may take a while)...
INFO: [USF-XSim-101] Fetching design files from 'sim_1'...
INFO: [USF-XSim-2] XSim::Compile design
INFO: [USF-XSim-61] Executing 'COMPILE and ANALYZE' step in 'D:/Desktop/Asynchronous_click_sram/Asynchronous_click_sram.sim/sim_1/behav/xsim'
"xvlog --incr --relax -prj top_tb_vlog.prj"
INFO: [VRFC 10-2263] Analyzing Verilog file "D:/Desktop/Asynchronous_click_sram/Asynchronous_click_sram.gen/sources_1/ip/dist_mem_gen_0/sim/dist_mem_gen_0.v" into library xil_defaultlib
INFO: [VRFC 10-311] analyzing module dist_mem_gen_0
INFO: [VRFC 10-2263] Analyzing Verilog file "D:/Desktop/Asynchronous_click_sram/Asynchronous_click_sram.srcs/sources_1/new/click.v" into library xil_defaultlib
INFO: [VRFC 10-311] analyzing module click
INFO: [VRFC 10-2263] Analyzing Verilog file "D:/Desktop/Asynchronous_click_sram/Asynchronous_click_sram.srcs/sources_1/new/top.v" into library xil_defaultlib
INFO: [VRFC 10-311] analyzing module top
INFO: [VRFC 10-2263] Analyzing Verilog file "D:/Desktop/Asynchronous_click_sram/Asynchronous_click_sram.srcs/sim_1/new/top_tb.v" into library xil_defaultlib
INFO: [VRFC 10-311] analyzing module top_tb
INFO: [USF-XSim-69] 'compile' step finished in '2' seconds
INFO: [USF-XSim-3] XSim::Elaborate design
INFO: [USF-XSim-61] Executing 'ELABORATE' step in 'D:/Desktop/Asynchronous_click_sram/Asynchronous_click_sram.sim/sim_1/behav/xsim'
"xelab --incr --debug typical --relax --mt 2 -L xil_defaultlib -L dist_mem_gen_v8_0_13 -L unisims_ver -L unimacro_ver -L secureip -L xpm --snapshot top_tb_behav xil_defaultlib.top_tb xil_defaultlib.glbl -log elaborate.log"
Vivado Simulator v2022.2
Copyright 1986-1999, 2001-2022 Xilinx, Inc. All Rights Reserved.
Running: D:/Software/Vivado2022/Vivado/2022.2/bin/unwrapped/win64.o/xelab.exe --incr --debug typical --relax --mt 2 -L xil_defaultlib -L dist_mem_gen_v8_0_13 -L unisims_ver -L unimacro_ver -L secureip -L xpm --snapshot top_tb_behav xil_defaultlib.top_tb xil_defaultlib.glbl -log elaborate.log 
Using 2 slave threads.
Starting static elaboration
Pass Through NonSizing Optimizer
WARNING: [VRFC 10-5021] port 'd' is not connected on this instance [D:/Desktop/Asynchronous_click_sram/Asynchronous_click_sram.srcs/sources_1/new/top.v:45]
Completed static elaboration
Starting simulation data flow analysis
Completed simulation data flow analysis
Time Resolution for simulation is 1ps
Compiling module unisims_ver.x_lut2_mux4
Compiling module unisims_ver.LUT2
Compiling module unisims_ver.x_lut1_mux2
Compiling module unisims_ver.LUT1
Compiling module unisims_ver.FDPE(INIT=1'b0)
Compiling module xil_defaultlib.click
Compiling module dist_mem_gen_v8_0_13.dist_mem_gen_v8_0_13(C_FAMILY="a...
Compiling module xil_defaultlib.dist_mem_gen_0
Compiling module xil_defaultlib.top
Compiling module xil_defaultlib.top_tb
Compiling module xil_defaultlib.glbl
Built simulation snapshot top_tb_behav
INFO: [USF-XSim-69] 'elaborate' step finished in '2' seconds
INFO: [USF-XSim-4] XSim::Simulate design
INFO: [USF-XSim-61] Executing 'SIMULATE' step in 'D:/Desktop/Asynchronous_click_sram/Asynchronous_click_sram.sim/sim_1/behav/xsim'
INFO: [USF-XSim-98] *** Running xsim
   with args "top_tb_behav -key {Behavioral:sim_1:Functional:top_tb} -tclbatch {top_tb.tcl} -log {simulate.log}"
INFO: [USF-XSim-8] Loading simulator feature
Time resolution is 1 ps
source top_tb.tcl
# set curr_wave [current_wave_config]
# if { [string length $curr_wave] == 0 } {
#   if { [llength [get_objects]] > 0} {
#     add_wave /
#     set_property needs_save false [current_wave_config]
#   } else {
#      send_msg_id Add_Wave-1 WARNING "No top level signals found. Simulator will start without a wave window. If you want to open a wave window go to 'File->New Waveform Configuration' or type 'create_wave_config' in the TCL console."
#   }
# }
# run 1000ns
WARNING: This core is supplied with a behavioral model. To model cycle-accurate behavior you must run timing simulation.
Stopped at time : 0 fs : File "D:/Desktop/Asynchronous_click_sram/Asynchronous_click_sram.srcs/sim_1/new/top_tb.v" Line 10
INFO: [USF-XSim-96] XSim completed. Design snapshot 'top_tb_behav' loaded.
INFO: [USF-XSim-97] XSim simulation ran for 1000ns
launch_simulation: Time (s): cpu = 00:00:03 ; elapsed = 00:00:06 . Memory (MB): peak = 2262.359 ; gain = 0.000
run all
Stopped at time : 20 ns : File "D:/Desktop/Asynchronous_click_sram/Asynchronous_click_sram.srcs/sim_1/new/top_tb.v" Line 10
run all
Stopped at time : 20 ns : File "D:/Desktop/Asynchronous_click_sram/Asynchronous_click_sram.srcs/sim_1/new/top_tb.v" Line 10
close_sim
INFO: [Simtcl 6-16] Simulation closed
launch_simulation
Command: launch_simulation 
INFO: [Vivado 12-12493] Simulation top is 'top_tb'
WARNING: [Vivado 12-13340] Unable to auto find GCC executables from simulator install path! (path not set)
WARNING: [Vivado 12-13277] Compiled library path does not exist: ''
INFO: [Vivado 12-5698] Checking validity of IPs in the design for the 'XSim' simulator...
INFO: [Vivado 12-5682] Launching behavioral simulation in 'D:/Desktop/Asynchronous_click_sram/Asynchronous_click_sram.sim/sim_1/behav/xsim'
INFO: [Vivado 12-4795] Using compiled simulation libraries for IPs
INFO: [SIM-utils-51] Simulation object is 'sim_1'
INFO: [SIM-utils-72] Using boost library from 'D:/Software/Vivado2022/Vivado/2022.2/tps/boost_1_72_0'
INFO: [USF-XSim-7] Finding pre-compiled libraries...
INFO: [USF-XSim-11] File 'D:/Software/Vivado2022/Vivado/2022.2/data/xsim/xsim.ini' copied to run dir:'D:/Desktop/Asynchronous_click_sram/Asynchronous_click_sram.sim/sim_1/behav/xsim'
INFO: [SIM-utils-54] Inspecting design source files for 'top_tb' in fileset 'sim_1'...
INFO: [SIM-utils-43] Exported 'D:/Desktop/Asynchronous_click_sram/Asynchronous_click_sram.sim/sim_1/behav/xsim/dist_mem_gen_0.mif'
INFO: [SIM-utils-43] Exported 'D:/Desktop/Asynchronous_click_sram/Asynchronous_click_sram.sim/sim_1/behav/xsim/test.coe'
INFO: [USF-XSim-97] Finding global include files...
INFO: [USF-XSim-100] Fetching design files from 'sources_1'...(this may take a while)...
INFO: [USF-XSim-101] Fetching design files from 'sim_1'...
INFO: [USF-XSim-2] XSim::Compile design
INFO: [USF-XSim-61] Executing 'COMPILE and ANALYZE' step in 'D:/Desktop/Asynchronous_click_sram/Asynchronous_click_sram.sim/sim_1/behav/xsim'
"xvlog --incr --relax -prj top_tb_vlog.prj"
INFO: [VRFC 10-2263] Analyzing Verilog file "D:/Desktop/Asynchronous_click_sram/Asynchronous_click_sram.gen/sources_1/ip/dist_mem_gen_0/sim/dist_mem_gen_0.v" into library xil_defaultlib
INFO: [VRFC 10-311] analyzing module dist_mem_gen_0
INFO: [VRFC 10-2263] Analyzing Verilog file "D:/Desktop/Asynchronous_click_sram/Asynchronous_click_sram.srcs/sources_1/new/click.v" into library xil_defaultlib
INFO: [VRFC 10-311] analyzing module click
INFO: [VRFC 10-2263] Analyzing Verilog file "D:/Desktop/Asynchronous_click_sram/Asynchronous_click_sram.srcs/sources_1/new/top.v" into library xil_defaultlib
INFO: [VRFC 10-311] analyzing module top
INFO: [VRFC 10-2263] Analyzing Verilog file "D:/Desktop/Asynchronous_click_sram/Asynchronous_click_sram.srcs/sim_1/new/top_tb.v" into library xil_defaultlib
INFO: [VRFC 10-311] analyzing module top_tb
INFO: [USF-XSim-69] 'compile' step finished in '2' seconds
INFO: [USF-XSim-3] XSim::Elaborate design
INFO: [USF-XSim-61] Executing 'ELABORATE' step in 'D:/Desktop/Asynchronous_click_sram/Asynchronous_click_sram.sim/sim_1/behav/xsim'
"xelab --incr --debug typical --relax --mt 2 -L xil_defaultlib -L dist_mem_gen_v8_0_13 -L unisims_ver -L unimacro_ver -L secureip -L xpm --snapshot top_tb_behav xil_defaultlib.top_tb xil_defaultlib.glbl -log elaborate.log"
Vivado Simulator v2022.2
Copyright 1986-1999, 2001-2022 Xilinx, Inc. All Rights Reserved.
Running: D:/Software/Vivado2022/Vivado/2022.2/bin/unwrapped/win64.o/xelab.exe --incr --debug typical --relax --mt 2 -L xil_defaultlib -L dist_mem_gen_v8_0_13 -L unisims_ver -L unimacro_ver -L secureip -L xpm --snapshot top_tb_behav xil_defaultlib.top_tb xil_defaultlib.glbl -log elaborate.log 
Using 2 slave threads.
Starting static elaboration
Pass Through NonSizing Optimizer
WARNING: [VRFC 10-5021] port 'd' is not connected on this instance [D:/Desktop/Asynchronous_click_sram/Asynchronous_click_sram.srcs/sources_1/new/top.v:45]
Completed static elaboration
Starting simulation data flow analysis
Completed simulation data flow analysis
Time Resolution for simulation is 1ps
Compiling module unisims_ver.x_lut2_mux4
Compiling module unisims_ver.LUT2
Compiling module unisims_ver.x_lut1_mux2
Compiling module unisims_ver.LUT1
Compiling module unisims_ver.FDPE(INIT=1'b0)
Compiling module xil_defaultlib.click
Compiling module dist_mem_gen_v8_0_13.dist_mem_gen_v8_0_13(C_FAMILY="a...
Compiling module xil_defaultlib.dist_mem_gen_0
Compiling module xil_defaultlib.top
Compiling module xil_defaultlib.top_tb
Compiling module xil_defaultlib.glbl
Built simulation snapshot top_tb_behav
INFO: [USF-XSim-69] 'elaborate' step finished in '2' seconds
INFO: [USF-XSim-4] XSim::Simulate design
INFO: [USF-XSim-61] Executing 'SIMULATE' step in 'D:/Desktop/Asynchronous_click_sram/Asynchronous_click_sram.sim/sim_1/behav/xsim'
INFO: [USF-XSim-98] *** Running xsim
   with args "top_tb_behav -key {Behavioral:sim_1:Functional:top_tb} -tclbatch {top_tb.tcl} -log {simulate.log}"
INFO: [USF-XSim-8] Loading simulator feature
Time resolution is 1 ps
source top_tb.tcl
# set curr_wave [current_wave_config]
# if { [string length $curr_wave] == 0 } {
#   if { [llength [get_objects]] > 0} {
#     add_wave /
#     set_property needs_save false [current_wave_config]
#   } else {
#      send_msg_id Add_Wave-1 WARNING "No top level signals found. Simulator will start without a wave window. If you want to open a wave window go to 'File->New Waveform Configuration' or type 'create_wave_config' in the TCL console."
#   }
# }
# run 1000ns
WARNING: This core is supplied with a behavioral model. To model cycle-accurate behavior you must run timing simulation.
Stopped at time : 0 fs : File "D:/Desktop/Asynchronous_click_sram/Asynchronous_click_sram.srcs/sim_1/new/top_tb.v" Line 10
INFO: [USF-XSim-96] XSim completed. Design snapshot 'top_tb_behav' loaded.
INFO: [USF-XSim-97] XSim simulation ran for 1000ns
launch_simulation: Time (s): cpu = 00:00:03 ; elapsed = 00:00:06 . Memory (MB): peak = 2267.691 ; gain = 2.523
run all
Stopped at time : 20 ns : File "D:/Desktop/Asynchronous_click_sram/Asynchronous_click_sram.srcs/sim_1/new/top_tb.v" Line 10
run all
Stopped at time : 20 ns : File "D:/Desktop/Asynchronous_click_sram/Asynchronous_click_sram.srcs/sim_1/new/top_tb.v" Line 10
run all
Stopped at time : 40 ns : File "D:/Desktop/Asynchronous_click_sram/Asynchronous_click_sram.srcs/sim_1/new/top_tb.v" Line 10
close_sim
INFO: [Simtcl 6-16] Simulation closed
launch_simulation
Command: launch_simulation 
INFO: [Vivado 12-12493] Simulation top is 'top_tb'
WARNING: [Vivado 12-13340] Unable to auto find GCC executables from simulator install path! (path not set)
WARNING: [Vivado 12-13277] Compiled library path does not exist: ''
INFO: [Vivado 12-5698] Checking validity of IPs in the design for the 'XSim' simulator...
INFO: [Vivado 12-5682] Launching behavioral simulation in 'D:/Desktop/Asynchronous_click_sram/Asynchronous_click_sram.sim/sim_1/behav/xsim'
INFO: [Vivado 12-4795] Using compiled simulation libraries for IPs
INFO: [SIM-utils-51] Simulation object is 'sim_1'
INFO: [SIM-utils-72] Using boost library from 'D:/Software/Vivado2022/Vivado/2022.2/tps/boost_1_72_0'
INFO: [USF-XSim-7] Finding pre-compiled libraries...
INFO: [USF-XSim-11] File 'D:/Software/Vivado2022/Vivado/2022.2/data/xsim/xsim.ini' copied to run dir:'D:/Desktop/Asynchronous_click_sram/Asynchronous_click_sram.sim/sim_1/behav/xsim'
INFO: [SIM-utils-54] Inspecting design source files for 'top_tb' in fileset 'sim_1'...
INFO: [SIM-utils-43] Exported 'D:/Desktop/Asynchronous_click_sram/Asynchronous_click_sram.sim/sim_1/behav/xsim/dist_mem_gen_0.mif'
INFO: [SIM-utils-43] Exported 'D:/Desktop/Asynchronous_click_sram/Asynchronous_click_sram.sim/sim_1/behav/xsim/test.coe'
INFO: [USF-XSim-97] Finding global include files...
INFO: [USF-XSim-100] Fetching design files from 'sources_1'...(this may take a while)...
INFO: [USF-XSim-101] Fetching design files from 'sim_1'...
INFO: [USF-XSim-2] XSim::Compile design
INFO: [USF-XSim-61] Executing 'COMPILE and ANALYZE' step in 'D:/Desktop/Asynchronous_click_sram/Asynchronous_click_sram.sim/sim_1/behav/xsim'
"xvlog --incr --relax -prj top_tb_vlog.prj"
INFO: [VRFC 10-2263] Analyzing Verilog file "D:/Desktop/Asynchronous_click_sram/Asynchronous_click_sram.gen/sources_1/ip/dist_mem_gen_0/sim/dist_mem_gen_0.v" into library xil_defaultlib
INFO: [VRFC 10-311] analyzing module dist_mem_gen_0
INFO: [VRFC 10-2263] Analyzing Verilog file "D:/Desktop/Asynchronous_click_sram/Asynchronous_click_sram.srcs/sources_1/new/click.v" into library xil_defaultlib
INFO: [VRFC 10-311] analyzing module click
INFO: [VRFC 10-2263] Analyzing Verilog file "D:/Desktop/Asynchronous_click_sram/Asynchronous_click_sram.srcs/sources_1/new/top.v" into library xil_defaultlib
INFO: [VRFC 10-311] analyzing module top
INFO: [VRFC 10-2263] Analyzing Verilog file "D:/Desktop/Asynchronous_click_sram/Asynchronous_click_sram.srcs/sim_1/new/top_tb.v" into library xil_defaultlib
INFO: [VRFC 10-311] analyzing module top_tb
INFO: [USF-XSim-69] 'compile' step finished in '2' seconds
INFO: [USF-XSim-3] XSim::Elaborate design
INFO: [USF-XSim-61] Executing 'ELABORATE' step in 'D:/Desktop/Asynchronous_click_sram/Asynchronous_click_sram.sim/sim_1/behav/xsim'
"xelab --incr --debug typical --relax --mt 2 -L xil_defaultlib -L dist_mem_gen_v8_0_13 -L unisims_ver -L unimacro_ver -L secureip -L xpm --snapshot top_tb_behav xil_defaultlib.top_tb xil_defaultlib.glbl -log elaborate.log"
Vivado Simulator v2022.2
Copyright 1986-1999, 2001-2022 Xilinx, Inc. All Rights Reserved.
Running: D:/Software/Vivado2022/Vivado/2022.2/bin/unwrapped/win64.o/xelab.exe --incr --debug typical --relax --mt 2 -L xil_defaultlib -L dist_mem_gen_v8_0_13 -L unisims_ver -L unimacro_ver -L secureip -L xpm --snapshot top_tb_behav xil_defaultlib.top_tb xil_defaultlib.glbl -log elaborate.log 
Using 2 slave threads.
Starting static elaboration
Pass Through NonSizing Optimizer
WARNING: [VRFC 10-5021] port 'd' is not connected on this instance [D:/Desktop/Asynchronous_click_sram/Asynchronous_click_sram.srcs/sources_1/new/top.v:45]
Completed static elaboration
Starting simulation data flow analysis
Completed simulation data flow analysis
Time Resolution for simulation is 1ps
Compiling module unisims_ver.x_lut2_mux4
Compiling module unisims_ver.LUT2
Compiling module unisims_ver.x_lut1_mux2
Compiling module unisims_ver.LUT1
Compiling module unisims_ver.FDPE(INIT=1'b0)
Compiling module xil_defaultlib.click
Compiling module dist_mem_gen_v8_0_13.dist_mem_gen_v8_0_13(C_FAMILY="a...
Compiling module xil_defaultlib.dist_mem_gen_0
Compiling module xil_defaultlib.top
Compiling module xil_defaultlib.top_tb
Compiling module xil_defaultlib.glbl
Built simulation snapshot top_tb_behav
INFO: [USF-XSim-69] 'elaborate' step finished in '2' seconds
INFO: [USF-XSim-4] XSim::Simulate design
INFO: [USF-XSim-61] Executing 'SIMULATE' step in 'D:/Desktop/Asynchronous_click_sram/Asynchronous_click_sram.sim/sim_1/behav/xsim'
INFO: [USF-XSim-98] *** Running xsim
   with args "top_tb_behav -key {Behavioral:sim_1:Functional:top_tb} -tclbatch {top_tb.tcl} -log {simulate.log}"
INFO: [USF-XSim-8] Loading simulator feature
Time resolution is 1 ps
WARNING: [Simulator 45-24] Previous breakpoint at line 10 in file 'D:/Desktop/Asynchronous_click_sram/Asynchronous_click_sram.srcs/sim_1/new/top_tb.v' not restored because it is no longer a breakable line.
source top_tb.tcl
# set curr_wave [current_wave_config]
# if { [string length $curr_wave] == 0 } {
#   if { [llength [get_objects]] > 0} {
#     add_wave /
#     set_property needs_save false [current_wave_config]
#   } else {
#      send_msg_id Add_Wave-1 WARNING "No top level signals found. Simulator will start without a wave window. If you want to open a wave window go to 'File->New Waveform Configuration' or type 'create_wave_config' in the TCL console."
#   }
# }
# run 1000ns
WARNING: This core is supplied with a behavioral model. To model cycle-accurate behavior you must run timing simulation.
INFO: [USF-XSim-96] XSim completed. Design snapshot 'top_tb_behav' loaded.
INFO: [USF-XSim-97] XSim simulation ran for 1000ns
launch_simulation: Time (s): cpu = 00:00:02 ; elapsed = 00:00:06 . Memory (MB): peak = 2269.285 ; gain = 0.824
run all
close_sim
INFO: [Simtcl 6-16] Simulation closed
launch_simulation
Command: launch_simulation 
INFO: [Vivado 12-12493] Simulation top is 'top_tb'
WARNING: [Vivado 12-13340] Unable to auto find GCC executables from simulator install path! (path not set)
WARNING: [Vivado 12-13277] Compiled library path does not exist: ''
INFO: [Vivado 12-5698] Checking validity of IPs in the design for the 'XSim' simulator...
INFO: [Vivado 12-5682] Launching behavioral simulation in 'D:/Desktop/Asynchronous_click_sram/Asynchronous_click_sram.sim/sim_1/behav/xsim'
INFO: [Vivado 12-4795] Using compiled simulation libraries for IPs
INFO: [SIM-utils-51] Simulation object is 'sim_1'
INFO: [SIM-utils-72] Using boost library from 'D:/Software/Vivado2022/Vivado/2022.2/tps/boost_1_72_0'
INFO: [USF-XSim-7] Finding pre-compiled libraries...
INFO: [USF-XSim-11] File 'D:/Software/Vivado2022/Vivado/2022.2/data/xsim/xsim.ini' copied to run dir:'D:/Desktop/Asynchronous_click_sram/Asynchronous_click_sram.sim/sim_1/behav/xsim'
INFO: [SIM-utils-54] Inspecting design source files for 'top_tb' in fileset 'sim_1'...
INFO: [SIM-utils-43] Exported 'D:/Desktop/Asynchronous_click_sram/Asynchronous_click_sram.sim/sim_1/behav/xsim/dist_mem_gen_0.mif'
INFO: [SIM-utils-43] Exported 'D:/Desktop/Asynchronous_click_sram/Asynchronous_click_sram.sim/sim_1/behav/xsim/test.coe'
INFO: [USF-XSim-97] Finding global include files...
INFO: [USF-XSim-100] Fetching design files from 'sources_1'...(this may take a while)...
INFO: [USF-XSim-101] Fetching design files from 'sim_1'...
INFO: [USF-XSim-2] XSim::Compile design
INFO: [USF-XSim-61] Executing 'COMPILE and ANALYZE' step in 'D:/Desktop/Asynchronous_click_sram/Asynchronous_click_sram.sim/sim_1/behav/xsim'
"xvlog --incr --relax -prj top_tb_vlog.prj"
INFO: [VRFC 10-2263] Analyzing Verilog file "D:/Desktop/Asynchronous_click_sram/Asynchronous_click_sram.gen/sources_1/ip/dist_mem_gen_0/sim/dist_mem_gen_0.v" into library xil_defaultlib
INFO: [VRFC 10-311] analyzing module dist_mem_gen_0
INFO: [VRFC 10-2263] Analyzing Verilog file "D:/Desktop/Asynchronous_click_sram/Asynchronous_click_sram.srcs/sources_1/new/click.v" into library xil_defaultlib
INFO: [VRFC 10-311] analyzing module click
INFO: [VRFC 10-2263] Analyzing Verilog file "D:/Desktop/Asynchronous_click_sram/Asynchronous_click_sram.srcs/sources_1/new/top.v" into library xil_defaultlib
INFO: [VRFC 10-311] analyzing module top
INFO: [VRFC 10-2263] Analyzing Verilog file "D:/Desktop/Asynchronous_click_sram/Asynchronous_click_sram.srcs/sim_1/new/top_tb.v" into library xil_defaultlib
INFO: [VRFC 10-311] analyzing module top_tb
INFO: [USF-XSim-69] 'compile' step finished in '1' seconds
INFO: [USF-XSim-3] XSim::Elaborate design
INFO: [USF-XSim-61] Executing 'ELABORATE' step in 'D:/Desktop/Asynchronous_click_sram/Asynchronous_click_sram.sim/sim_1/behav/xsim'
"xelab --incr --debug typical --relax --mt 2 -L xil_defaultlib -L dist_mem_gen_v8_0_13 -L unisims_ver -L unimacro_ver -L secureip -L xpm --snapshot top_tb_behav xil_defaultlib.top_tb xil_defaultlib.glbl -log elaborate.log"
Vivado Simulator v2022.2
Copyright 1986-1999, 2001-2022 Xilinx, Inc. All Rights Reserved.
Running: D:/Software/Vivado2022/Vivado/2022.2/bin/unwrapped/win64.o/xelab.exe --incr --debug typical --relax --mt 2 -L xil_defaultlib -L dist_mem_gen_v8_0_13 -L unisims_ver -L unimacro_ver -L secureip -L xpm --snapshot top_tb_behav xil_defaultlib.top_tb xil_defaultlib.glbl -log elaborate.log 
Using 2 slave threads.
Starting static elaboration
Pass Through NonSizing Optimizer
WARNING: [VRFC 10-5021] port 'd' is not connected on this instance [D:/Desktop/Asynchronous_click_sram/Asynchronous_click_sram.srcs/sources_1/new/top.v:45]
Completed static elaboration
Starting simulation data flow analysis
Completed simulation data flow analysis
Time Resolution for simulation is 1ps
Compiling module unisims_ver.x_lut2_mux4
Compiling module unisims_ver.LUT2
Compiling module unisims_ver.x_lut1_mux2
Compiling module unisims_ver.LUT1
Compiling module unisims_ver.FDPE(INIT=1'b0)
Compiling module xil_defaultlib.click
Compiling module dist_mem_gen_v8_0_13.dist_mem_gen_v8_0_13(C_FAMILY="a...
Compiling module xil_defaultlib.dist_mem_gen_0
Compiling module xil_defaultlib.top
Compiling module xil_defaultlib.top_tb
Compiling module xil_defaultlib.glbl
Built simulation snapshot top_tb_behav
INFO: [USF-XSim-69] 'elaborate' step finished in '3' seconds
INFO: [USF-XSim-4] XSim::Simulate design
INFO: [USF-XSim-61] Executing 'SIMULATE' step in 'D:/Desktop/Asynchronous_click_sram/Asynchronous_click_sram.sim/sim_1/behav/xsim'
INFO: [USF-XSim-98] *** Running xsim
   with args "top_tb_behav -key {Behavioral:sim_1:Functional:top_tb} -tclbatch {top_tb.tcl} -log {simulate.log}"
INFO: [USF-XSim-8] Loading simulator feature
Time resolution is 1 ps
source top_tb.tcl
# set curr_wave [current_wave_config]
# if { [string length $curr_wave] == 0 } {
#   if { [llength [get_objects]] > 0} {
#     add_wave /
#     set_property needs_save false [current_wave_config]
#   } else {
#      send_msg_id Add_Wave-1 WARNING "No top level signals found. Simulator will start without a wave window. If you want to open a wave window go to 'File->New Waveform Configuration' or type 'create_wave_config' in the TCL console."
#   }
# }
# run 1000ns
WARNING: This core is supplied with a behavioral model. To model cycle-accurate behavior you must run timing simulation.
INFO: [USF-XSim-96] XSim completed. Design snapshot 'top_tb_behav' loaded.
INFO: [USF-XSim-97] XSim simulation ran for 1000ns
launch_simulation: Time (s): cpu = 00:00:03 ; elapsed = 00:00:07 . Memory (MB): peak = 2269.285 ; gain = 0.000
run all
run all
run all
run all
run all
run all
run all
close_sim
INFO: [Simtcl 6-16] Simulation closed
launch_simulation
Command: launch_simulation 
INFO: [Vivado 12-12493] Simulation top is 'top_tb'
WARNING: [Vivado 12-13340] Unable to auto find GCC executables from simulator install path! (path not set)
WARNING: [Vivado 12-13277] Compiled library path does not exist: ''
INFO: [Vivado 12-5698] Checking validity of IPs in the design for the 'XSim' simulator...
INFO: [Vivado 12-5682] Launching behavioral simulation in 'D:/Desktop/Asynchronous_click_sram/Asynchronous_click_sram.sim/sim_1/behav/xsim'
INFO: [Vivado 12-4795] Using compiled simulation libraries for IPs
INFO: [SIM-utils-51] Simulation object is 'sim_1'
INFO: [SIM-utils-72] Using boost library from 'D:/Software/Vivado2022/Vivado/2022.2/tps/boost_1_72_0'
INFO: [USF-XSim-7] Finding pre-compiled libraries...
INFO: [USF-XSim-11] File 'D:/Software/Vivado2022/Vivado/2022.2/data/xsim/xsim.ini' copied to run dir:'D:/Desktop/Asynchronous_click_sram/Asynchronous_click_sram.sim/sim_1/behav/xsim'
INFO: [SIM-utils-54] Inspecting design source files for 'top_tb' in fileset 'sim_1'...
INFO: [SIM-utils-43] Exported 'D:/Desktop/Asynchronous_click_sram/Asynchronous_click_sram.sim/sim_1/behav/xsim/dist_mem_gen_0.mif'
INFO: [SIM-utils-43] Exported 'D:/Desktop/Asynchronous_click_sram/Asynchronous_click_sram.sim/sim_1/behav/xsim/test.coe'
INFO: [USF-XSim-97] Finding global include files...
INFO: [USF-XSim-100] Fetching design files from 'sources_1'...(this may take a while)...
INFO: [USF-XSim-101] Fetching design files from 'sim_1'...
INFO: [USF-XSim-2] XSim::Compile design
INFO: [USF-XSim-61] Executing 'COMPILE and ANALYZE' step in 'D:/Desktop/Asynchronous_click_sram/Asynchronous_click_sram.sim/sim_1/behav/xsim'
"xvlog --incr --relax -prj top_tb_vlog.prj"
INFO: [VRFC 10-2263] Analyzing Verilog file "D:/Desktop/Asynchronous_click_sram/Asynchronous_click_sram.gen/sources_1/ip/dist_mem_gen_0/sim/dist_mem_gen_0.v" into library xil_defaultlib
INFO: [VRFC 10-311] analyzing module dist_mem_gen_0
INFO: [VRFC 10-2263] Analyzing Verilog file "D:/Desktop/Asynchronous_click_sram/Asynchronous_click_sram.srcs/sources_1/new/click.v" into library xil_defaultlib
INFO: [VRFC 10-311] analyzing module click
INFO: [VRFC 10-2263] Analyzing Verilog file "D:/Desktop/Asynchronous_click_sram/Asynchronous_click_sram.srcs/sources_1/new/top.v" into library xil_defaultlib
INFO: [VRFC 10-311] analyzing module top
INFO: [VRFC 10-2263] Analyzing Verilog file "D:/Desktop/Asynchronous_click_sram/Asynchronous_click_sram.srcs/sim_1/new/top_tb.v" into library xil_defaultlib
INFO: [VRFC 10-311] analyzing module top_tb
INFO: [USF-XSim-69] 'compile' step finished in '1' seconds
INFO: [USF-XSim-3] XSim::Elaborate design
INFO: [USF-XSim-61] Executing 'ELABORATE' step in 'D:/Desktop/Asynchronous_click_sram/Asynchronous_click_sram.sim/sim_1/behav/xsim'
"xelab --incr --debug typical --relax --mt 2 -L xil_defaultlib -L dist_mem_gen_v8_0_13 -L unisims_ver -L unimacro_ver -L secureip -L xpm --snapshot top_tb_behav xil_defaultlib.top_tb xil_defaultlib.glbl -log elaborate.log"
Vivado Simulator v2022.2
Copyright 1986-1999, 2001-2022 Xilinx, Inc. All Rights Reserved.
Running: D:/Software/Vivado2022/Vivado/2022.2/bin/unwrapped/win64.o/xelab.exe --incr --debug typical --relax --mt 2 -L xil_defaultlib -L dist_mem_gen_v8_0_13 -L unisims_ver -L unimacro_ver -L secureip -L xpm --snapshot top_tb_behav xil_defaultlib.top_tb xil_defaultlib.glbl -log elaborate.log 
Using 2 slave threads.
Starting static elaboration
Pass Through NonSizing Optimizer
WARNING: [VRFC 10-5021] port 'd' is not connected on this instance [D:/Desktop/Asynchronous_click_sram/Asynchronous_click_sram.srcs/sources_1/new/top.v:45]
Completed static elaboration
Starting simulation data flow analysis
Completed simulation data flow analysis
Time Resolution for simulation is 1ps
Compiling module unisims_ver.x_lut2_mux4
Compiling module unisims_ver.LUT2
Compiling module unisims_ver.x_lut1_mux2
Compiling module unisims_ver.LUT1
Compiling module unisims_ver.FDPE(INIT=1'b0)
Compiling module xil_defaultlib.click
Compiling module dist_mem_gen_v8_0_13.dist_mem_gen_v8_0_13(C_FAMILY="a...
Compiling module xil_defaultlib.dist_mem_gen_0
Compiling module xil_defaultlib.top
Compiling module xil_defaultlib.top_tb
Compiling module xil_defaultlib.glbl
Built simulation snapshot top_tb_behav
INFO: [USF-XSim-69] 'elaborate' step finished in '3' seconds
INFO: [USF-XSim-4] XSim::Simulate design
INFO: [USF-XSim-61] Executing 'SIMULATE' step in 'D:/Desktop/Asynchronous_click_sram/Asynchronous_click_sram.sim/sim_1/behav/xsim'
INFO: [USF-XSim-98] *** Running xsim
   with args "top_tb_behav -key {Behavioral:sim_1:Functional:top_tb} -tclbatch {top_tb.tcl} -log {simulate.log}"
INFO: [USF-XSim-8] Loading simulator feature
Time resolution is 1 ps
source top_tb.tcl
# set curr_wave [current_wave_config]
# if { [string length $curr_wave] == 0 } {
#   if { [llength [get_objects]] > 0} {
#     add_wave /
#     set_property needs_save false [current_wave_config]
#   } else {
#      send_msg_id Add_Wave-1 WARNING "No top level signals found. Simulator will start without a wave window. If you want to open a wave window go to 'File->New Waveform Configuration' or type 'create_wave_config' in the TCL console."
#   }
# }
# run 1000ns
WARNING: This core is supplied with a behavioral model. To model cycle-accurate behavior you must run timing simulation.
INFO: [USF-XSim-96] XSim completed. Design snapshot 'top_tb_behav' loaded.
INFO: [USF-XSim-97] XSim simulation ran for 1000ns
launch_simulation: Time (s): cpu = 00:00:03 ; elapsed = 00:00:06 . Memory (MB): peak = 2272.234 ; gain = 1.438
current_wave_config {Untitled 9}
Untitled 9
add_wave {{/top_tb/u_top/click_req/fire}} 
relaunch_sim
Command: launch_simulation -step compile -simset sim_1 -mode behavioral
INFO: [Vivado 12-12493] Simulation top is 'top_tb'
WARNING: [Vivado 12-13340] Unable to auto find GCC executables from simulator install path! (path not set)
WARNING: [Vivado 12-13277] Compiled library path does not exist: ''
INFO: [Vivado 12-5698] Checking validity of IPs in the design for the 'XSim' simulator...
INFO: [Vivado 12-5682] Launching behavioral simulation in 'D:/Desktop/Asynchronous_click_sram/Asynchronous_click_sram.sim/sim_1/behav/xsim'
INFO: [Vivado 12-4795] Using compiled simulation libraries for IPs
INFO: [SIM-utils-51] Simulation object is 'sim_1'
INFO: [SIM-utils-72] Using boost library from 'D:/Software/Vivado2022/Vivado/2022.2/tps/boost_1_72_0'
INFO: [USF-XSim-7] Finding pre-compiled libraries...
INFO: [USF-XSim-11] File 'D:/Software/Vivado2022/Vivado/2022.2/data/xsim/xsim.ini' copied to run dir:'D:/Desktop/Asynchronous_click_sram/Asynchronous_click_sram.sim/sim_1/behav/xsim'
INFO: [SIM-utils-54] Inspecting design source files for 'top_tb' in fileset 'sim_1'...
INFO: [SIM-utils-43] Exported 'D:/Desktop/Asynchronous_click_sram/Asynchronous_click_sram.sim/sim_1/behav/xsim/dist_mem_gen_0.mif'
INFO: [SIM-utils-43] Exported 'D:/Desktop/Asynchronous_click_sram/Asynchronous_click_sram.sim/sim_1/behav/xsim/test.coe'
INFO: [USF-XSim-97] Finding global include files...
INFO: [USF-XSim-100] Fetching design files from 'sources_1'...(this may take a while)...
INFO: [USF-XSim-101] Fetching design files from 'sim_1'...
INFO: [USF-XSim-2] XSim::Compile design
INFO: [USF-XSim-61] Executing 'COMPILE and ANALYZE' step in 'D:/Desktop/Asynchronous_click_sram/Asynchronous_click_sram.sim/sim_1/behav/xsim'
"xvlog --incr --relax -prj top_tb_vlog.prj"
INFO: [USF-XSim-69] 'compile' step finished in '1' seconds
Command: launch_simulation -step elaborate -simset sim_1 -mode behavioral
INFO: [Vivado 12-12493] Simulation top is 'top_tb'
WARNING: [Vivado 12-13340] Unable to auto find GCC executables from simulator install path! (path not set)
WARNING: [Vivado 12-13277] Compiled library path does not exist: ''
INFO: [Vivado 12-5698] Checking validity of IPs in the design for the 'XSim' simulator...
INFO: [Vivado 12-5682] Launching behavioral simulation in 'D:/Desktop/Asynchronous_click_sram/Asynchronous_click_sram.sim/sim_1/behav/xsim'
INFO: [Vivado 12-4795] Using compiled simulation libraries for IPs
INFO: [SIM-utils-51] Simulation object is 'sim_1'
INFO: [USF-XSim-3] XSim::Elaborate design
INFO: [USF-XSim-61] Executing 'ELABORATE' step in 'D:/Desktop/Asynchronous_click_sram/Asynchronous_click_sram.sim/sim_1/behav/xsim'
"xelab --incr --debug typical --relax --mt 2 -L xil_defaultlib -L dist_mem_gen_v8_0_13 -L unisims_ver -L unimacro_ver -L secureip -L xpm --snapshot top_tb_behav xil_defaultlib.top_tb xil_defaultlib.glbl -log elaborate.log"
Vivado Simulator v2022.2
Copyright 1986-1999, 2001-2022 Xilinx, Inc. All Rights Reserved.
Running: D:/Software/Vivado2022/Vivado/2022.2/bin/unwrapped/win64.o/xelab.exe --incr --debug typical --relax --mt 2 -L xil_defaultlib -L dist_mem_gen_v8_0_13 -L unisims_ver -L unimacro_ver -L secureip -L xpm --snapshot top_tb_behav xil_defaultlib.top_tb xil_defaultlib.glbl -log elaborate.log 
Using 2 slave threads.
Starting static elaboration
Pass Through NonSizing Optimizer
WARNING: [VRFC 10-5021] port 'd' is not connected on this instance [D:/Desktop/Asynchronous_click_sram/Asynchronous_click_sram.srcs/sources_1/new/top.v:45]
Completed static elaboration
INFO: [XSIM 43-4323] No Change in HDL. Linking previously generated obj files to create kernel
INFO: [USF-XSim-69] 'elaborate' step finished in '1' seconds
Time resolution is 1 ps
WARNING: This core is supplied with a behavioral model. To model cycle-accurate behavior you must run timing simulation.
relaunch_sim: Time (s): cpu = 00:00:02 ; elapsed = 00:00:05 . Memory (MB): peak = 2273.301 ; gain = 0.742
close [ open D:/Desktop/Asynchronous_click_sram/Asynchronous_click_sram.srcs/sources_1/new/NUMLED.v w ]
add_files D:/Desktop/Asynchronous_click_sram/Asynchronous_click_sram.srcs/sources_1/new/NUMLED.v
reset_run synth_1
INFO: [Project 1-1161] Replacing file D:/Desktop/Asynchronous_click_sram/Asynchronous_click_sram.srcs/utils_1/imports/synth_1/top.dcp with file D:/Desktop/Asynchronous_click_sram/Asynchronous_click_sram.runs/synth_1/top.dcp
WARNING: [Vivado 12-1017] Problems encountered:
1. Failed to delete one or more files in run directory D:/Desktop/Asynchronous_click_sram/Asynchronous_click_sram.runs/synth_1

launch_runs impl_1 -jobs 6
WARNING: [Project 1-478] Design 'synth_1' is stale and will not be used when launching 'impl_1'
[Tue Apr 18 22:21:36 2023] Launched synth_1...
Run output will be captured here: D:/Desktop/Asynchronous_click_sram/Asynchronous_click_sram.runs/synth_1/runme.log
[Tue Apr 18 22:21:37 2023] Launched impl_1...
Run output will be captured here: D:/Desktop/Asynchronous_click_sram/Asynchronous_click_sram.runs/impl_1/runme.log
reset_run synth_1
WARNING: [Vivado 12-1017] Problems encountered:
1. Failed to delete one or more files in run directory D:/Desktop/Asynchronous_click_sram/Asynchronous_click_sram.runs/synth_1

launch_runs synth_1 -jobs 6
[Tue Apr 18 22:22:50 2023] Launched synth_1...
Run output will be captured here: D:/Desktop/Asynchronous_click_sram/Asynchronous_click_sram.runs/synth_1/runme.log
launch_runs impl_1 -jobs 6
WARNING: [Project 1-478] Design 'synth_1' is stale and will not be used when launching 'impl_1'
[Tue Apr 18 22:23:50 2023] Launched impl_1...
Run output will be captured here: D:/Desktop/Asynchronous_click_sram/Asynchronous_click_sram.runs/impl_1/runme.log
file mkdir D:/Desktop/Asynchronous_click_sram/Asynchronous_click_sram.srcs/constrs_1
file mkdir D:/Desktop/Asynchronous_click_sram/Asynchronous_click_sram.srcs/constrs_1/new
close [ open D:/Desktop/Asynchronous_click_sram/Asynchronous_click_sram.srcs/constrs_1/new/click_ram.xdc w ]
add_files -fileset constrs_1 D:/Desktop/Asynchronous_click_sram/Asynchronous_click_sram.srcs/constrs_1/new/click_ram.xdc
reset_run synth_1
INFO: [Project 1-1161] Replacing file D:/Desktop/Asynchronous_click_sram/Asynchronous_click_sram.srcs/utils_1/imports/synth_1/top.dcp with file D:/Desktop/Asynchronous_click_sram/Asynchronous_click_sram.runs/synth_1/top.dcp
WARNING: [Vivado 12-1017] Problems encountered:
1. Failed to delete one or more files in run directory D:/Desktop/Asynchronous_click_sram/Asynchronous_click_sram.runs/synth_1

launch_runs impl_1 -to_step write_bitstream -jobs 6
WARNING: [Project 1-478] Design 'synth_1' is stale and will not be used when launching 'impl_1'
[Tue Apr 18 22:30:53 2023] Launched synth_1...
Run output will be captured here: D:/Desktop/Asynchronous_click_sram/Asynchronous_click_sram.runs/synth_1/runme.log
[Tue Apr 18 22:30:54 2023] Launched impl_1...
Run output will be captured here: D:/Desktop/Asynchronous_click_sram/Asynchronous_click_sram.runs/impl_1/runme.log
open_hw_manager
connect_hw_server -allow_non_jtag
INFO: [Labtools 27-2285] Connecting to hw_server url TCP:localhost:3121
INFO: [Labtools 27-2222] Launching hw_server...
INFO: [Labtools 27-2221] Launch Output:

****** Xilinx hw_server v2022.2
  **** Build date : Oct 14 2022 at 05:18:10
    ** Copyright 1986-2022 Xilinx, Inc. All Rights Reserved.


INFO: [Labtools 27-3415] Connecting to cs_server url TCP:localhost:0
INFO: [Labtools 27-3417] Launching cs_server...
INFO: [Labtools 27-2221] Launch Output:


******** Xilinx cs_server v2022.2.0
  ****** Build date   : Oct 05 2022-07:25:37
    **** Build number : 2022.2.1664925937
      ** Copyright 2017-2023 Xilinx, Inc. All Rights Reserved.



connect_hw_server: Time (s): cpu = 00:00:01 ; elapsed = 00:00:19 . Memory (MB): peak = 2284.871 ; gain = 1.742
open_hw_target
INFO: [Labtoolstcl 44-466] Opening hw_target localhost:3121/xilinx_tcf/Digilent/210292B61F63A
open_hw_target: Time (s): cpu = 00:00:06 ; elapsed = 00:00:09 . Memory (MB): peak = 4464.703 ; gain = 2179.832
set_property PROGRAM.FILE {D:/Desktop/Asynchronous_click_sram/Asynchronous_click_sram.runs/impl_1/top.bit} [get_hw_devices xc7a100t_0]
current_hw_device [get_hw_devices xc7a100t_0]
refresh_hw_device -update_hw_probes false [lindex [get_hw_devices xc7a100t_0] 0]
INFO: [Labtools 27-1434] Device xc7a100t (JTAG device index = 0) is programmed with a design that has no supported debug core(s) in it.
set_property PROBES.FILE {} [get_hw_devices xc7a100t_0]
set_property FULL_PROBES.FILE {} [get_hw_devices xc7a100t_0]
set_property PROGRAM.FILE {D:/Desktop/Asynchronous_click_sram/Asynchronous_click_sram.runs/impl_1/top.bit} [get_hw_devices xc7a100t_0]
program_hw_devices [get_hw_devices xc7a100t_0]
INFO: [Labtools 27-3164] End of startup status: HIGH
refresh_hw_device [lindex [get_hw_devices xc7a100t_0] 0]
INFO: [Labtools 27-1434] Device xc7a100t (JTAG device index = 0) is programmed with a design that has no supported debug core(s) in it.
close_hw_manager
close_design
close_design: Time (s): cpu = 00:00:02 ; elapsed = 00:00:12 . Memory (MB): peak = 4506.906 ; gain = 16.434
reset_run synth_1
INFO: [Project 1-1161] Replacing file D:/Desktop/Asynchronous_click_sram/Asynchronous_click_sram.srcs/utils_1/imports/synth_1/top.dcp with file D:/Desktop/Asynchronous_click_sram/Asynchronous_click_sram.runs/synth_1/top.dcp
WARNING: [Vivado 12-1017] Problems encountered:
1. Failed to delete one or more files in run directory D:/Desktop/Asynchronous_click_sram/Asynchronous_click_sram.runs/synth_1

launch_runs impl_1 -to_step write_bitstream -jobs 6
[Tue Apr 18 23:10:51 2023] Launched synth_1...
Run output will be captured here: D:/Desktop/Asynchronous_click_sram/Asynchronous_click_sram.runs/synth_1/runme.log
[Tue Apr 18 23:10:52 2023] Launched impl_1...
Run output will be captured here: D:/Desktop/Asynchronous_click_sram/Asynchronous_click_sram.runs/impl_1/runme.log
open_hw_manager
connect_hw_server -allow_non_jtag
INFO: [Labtools 27-2285] Connecting to hw_server url TCP:localhost:3121
INFO: [Labtools 27-2222] Launching hw_server...
INFO: [Labtools 27-2221] Launch Output:

****** Xilinx hw_server v2022.2
  **** Build date : Oct 14 2022 at 05:18:10
    ** Copyright 1986-2022 Xilinx, Inc. All Rights Reserved.


INFO: [Labtools 27-3415] Connecting to cs_server url TCP:localhost:0
INFO: [Labtools 27-3417] Launching cs_server...
INFO: [Labtools 27-2221] Launch Output:


******** Xilinx cs_server v2022.2.0
  ****** Build date   : Oct 05 2022-07:25:37
    **** Build number : 2022.2.1664925937
      ** Copyright 2017-2023 Xilinx, Inc. All Rights Reserved.



connect_hw_server: Time (s): cpu = 00:00:01 ; elapsed = 00:00:08 . Memory (MB): peak = 4506.906 ; gain = 0.000
open_hw_target
INFO: [Labtoolstcl 44-466] Opening hw_target localhost:3121/xilinx_tcf/Digilent/210292B61F63A
set_property PROGRAM.FILE {D:/Desktop/Asynchronous_click_sram/Asynchronous_click_sram.runs/impl_1/top.bit} [get_hw_devices xc7a100t_0]
current_hw_device [get_hw_devices xc7a100t_0]
refresh_hw_device -update_hw_probes false [lindex [get_hw_devices xc7a100t_0] 0]
INFO: [Labtools 27-1435] Device xc7a100t (JTAG device index = 0) is not programmed (DONE status = 0).
set_property PROBES.FILE {} [get_hw_devices xc7a100t_0]
set_property FULL_PROBES.FILE {} [get_hw_devices xc7a100t_0]
set_property PROGRAM.FILE {D:/Desktop/Asynchronous_click_sram/Asynchronous_click_sram.runs/impl_1/top.bit} [get_hw_devices xc7a100t_0]
program_hw_devices [get_hw_devices xc7a100t_0]
INFO: [Labtools 27-3164] End of startup status: HIGH
refresh_hw_device [lindex [get_hw_devices xc7a100t_0] 0]
INFO: [Labtools 27-1434] Device xc7a100t (JTAG device index = 0) is programmed with a design that has no supported debug core(s) in it.
ERROR: [Labtoolstcl 44-513] HW Target shutdown. Closing target: localhost:3121/xilinx_tcf/Digilent/210292B61F63A
close_hw_manager
close_sim
INFO: [Simtcl 6-16] Simulation closed
close_sim
INFO: [Simtcl 6-16] Simulation closed
exit
INFO: [Common 17-206] Exiting Vivado at Wed Apr 19 16:32:46 2023...
