Copyright 1986-2022 Xilinx, Inc. All Rights Reserved.
------------------------------------------------------------------------------------------------
| Tool Version : Vivado v.2022.2 (win64) Build 3671981 Fri Oct 14 05:00:03 MDT 2022
| Date         : Tue Apr 18 23:12:42 2023
| Host         : DESKTOP-FELKDMR running 64-bit major release  (build 9200)
| Command      : report_drc -file top_drc_opted.rpt -pb top_drc_opted.pb -rpx top_drc_opted.rpx
| Design       : top
| Device       : xc7a100tcsg324-1
| Speed File   : -1
| Design State : Synthesized
------------------------------------------------------------------------------------------------

Report DRC

Table of Contents
-----------------
1. REPORT SUMMARY
2. REPORT DETAILS

1. REPORT SUMMARY
-----------------
            Netlist: netlist
          Floorplan: design_1
      Design limits: <entire design considered>
           Ruledeck: default
             Max violations: <unlimited>
             Violations found: 2
+-------------+----------+-------------------------------------------------------------+------------+
| Rule        | Severity | Description                                                 | Violations |
+-------------+----------+-------------------------------------------------------------+------------+
| CFGBVS-1    | Warning  | Missing CFGBVS and CONFIG_VOLTAGE Design Properties         | 1          |
| PLHOLDVIO-2 | Warning  | Non-Optimal connections which could lead to hold violations | 1          |
+-------------+----------+-------------------------------------------------------------+------------+

2. REPORT DETAILS
-----------------
CFGBVS-1#1 Warning
Missing CFGBVS and CONFIG_VOLTAGE Design Properties  
Neither the CFGBVS nor CONFIG_VOLTAGE voltage property is set in the current_design.  Configuration bank voltage select (CFGBVS) must be set to VCCO or GND, and CONFIG_VOLTAGE must be set to the correct configuration voltage, in order to determine the I/O voltage support for the pins in bank 0.  It is suggested to specify these either using the 'Edit Device Properties' function in the GUI or directly in the XDC file using the following syntax:

 set_property CFGBVS value1 [current_design]
 #where value1 is either VCCO or GND

 set_property CONFIG_VOLTAGE value2 [current_design]
 #where value2 is the voltage provided to configuration bank 0

Refer to the device configuration user guide for more information.
Related violations: <none>

PLHOLDVIO-2#1 Warning
Non-Optimal connections which could lead to hold violations  
A LUT click_req/and2_clock is driving clock pin of 23 cells. This could lead to large hold time violations. Involved cells are:
addr_reg[0], addr_reg[1], addr_reg[2], addr_reg[3], addr_reg[4],
addr_reg[5], click_req/ff_state,
your_instance_name/U0/synth_options.dist_mem_inst/gen_sp_ram.spram_inst/ram_reg_0_63_0_0/SP (in your_instance_name/U0/synth_options.dist_mem_inst/gen_sp_ram.spram_inst/ram_reg_0_63_0_0 macro),
your_instance_name/U0/synth_options.dist_mem_inst/gen_sp_ram.spram_inst/ram_reg_0_63_10_10/SP (in your_instance_name/U0/synth_options.dist_mem_inst/gen_sp_ram.spram_inst/ram_reg_0_63_10_10 macro),
your_instance_name/U0/synth_options.dist_mem_inst/gen_sp_ram.spram_inst/ram_reg_0_63_11_11/SP (in your_instance_name/U0/synth_options.dist_mem_inst/gen_sp_ram.spram_inst/ram_reg_0_63_11_11 macro),
your_instance_name/U0/synth_options.dist_mem_inst/gen_sp_ram.spram_inst/ram_reg_0_63_12_12/SP (in your_instance_name/U0/synth_options.dist_mem_inst/gen_sp_ram.spram_inst/ram_reg_0_63_12_12 macro),
your_instance_name/U0/synth_options.dist_mem_inst/gen_sp_ram.spram_inst/ram_reg_0_63_13_13/SP (in your_instance_name/U0/synth_options.dist_mem_inst/gen_sp_ram.spram_inst/ram_reg_0_63_13_13 macro),
your_instance_name/U0/synth_options.dist_mem_inst/gen_sp_ram.spram_inst/ram_reg_0_63_14_14/SP (in your_instance_name/U0/synth_options.dist_mem_inst/gen_sp_ram.spram_inst/ram_reg_0_63_14_14 macro),
your_instance_name/U0/synth_options.dist_mem_inst/gen_sp_ram.spram_inst/ram_reg_0_63_15_15/SP (in your_instance_name/U0/synth_options.dist_mem_inst/gen_sp_ram.spram_inst/ram_reg_0_63_15_15 macro),
your_instance_name/U0/synth_options.dist_mem_inst/gen_sp_ram.spram_inst/ram_reg_0_63_1_1/SP (in your_instance_name/U0/synth_options.dist_mem_inst/gen_sp_ram.spram_inst/ram_reg_0_63_1_1 macro)
 (the first 15 of 23 listed)
Related violations: <none>


